Loaded 47 catches
Using 16 parallel workers on 24 cores

--- Baseline (current settings) ---
  Baseline: mean=72.9% >=70%=62% min=44% | ocean=57% lift=15 grad=8.3 ratio=0.866 pctl=72 obj=26.6

==========================================================================================
OPTUNA v17 -- Value-space edge scoring (200 trials, 16 workers)
14 weights + 8 edge params + 28 geometry = 50 params
Edge features: value-space Gaussian, calibrated from catch data
==========================================================================================
  T  1 [   21s] mean=72.9 >=70=62% min=44 | ocean=57% lift=15 grad=8.3 ratio=0.866 pctl=72 obj=26.6
  T  2 [   32s] mean=67.6 >=70=34% min=44 | ocean=58% lift=10 grad=5.7 ratio=0.866 pctl=66 obj=20.5
  T  3 [   43s] mean=71.4 >=70=47% min=59 | ocean=62% lift=9 grad=5.0 ratio=0.872 pctl=67 obj=21.3
  T  4 [   53s] mean=56.5 >=70=4% min=38 | ocean=49% lift=7 grad=4.5 ratio=0.831 pctl=63 obj=16.0
  T  5 [   64s] mean=75.2 >=70=68% min=60 | ocean=63% lift=12 grad=5.2 ratio=0.913 pctl=69 obj=24.0
  T  6 [   74s] mean=78.5 >=70=83% min=58 | ocean=68% lift=11 grad=5.2 ratio=0.901 pctl=67 obj=24.4
  T  7 [   85s] mean=66.4 >=70=36% min=48 | ocean=55% lift=11 grad=7.8 ratio=0.841 pctl=66 obj=22.8
  T  8 [   96s] mean=67.4 >=70=32% min=48 | ocean=57% lift=11 grad=6.9 ratio=0.838 pctl=67 obj=21.9
  T  9 [  106s] mean=65.6 >=70=30% min=45 | ocean=54% lift=11 grad=5.7 ratio=0.876 pctl=71 obj=21.0
  T 10 [  117s] mean=67.6 >=70=36% min=46 | ocean=56% lift=11 grad=6.9 ratio=0.843 pctl=69 obj=22.3
  T 11 [  128s] mean=71.0 >=70=55% min=49 | ocean=57% lift=14 grad=6.8 ratio=0.880 pctl=71 obj=24.6
  T 12 [  139s] mean=69.3 >=70=47% min=49 | ocean=55% lift=14 grad=6.8 ratio=0.877 pctl=71 obj=24.0
  T 13 [  150s] mean=66.9 >=70=36% min=51 | ocean=53% lift=13 grad=7.2 ratio=0.862 pctl=71 obj=23.4
  T 14 [  161s] mean=77.6 >=70=74% min=58 | ocean=64% lift=13 grad=5.2 ratio=0.910 pctl=70 obj=24.9
  T 15 [  171s] mean=78.1 >=70=81% min=63 | ocean=64% lift=14 grad=6.1 ratio=0.902 pctl=70 obj=26.2
  T 16 [  182s] mean=75.3 >=70=68% min=53 | ocean=61% lift=14 grad=6.7 ratio=0.888 pctl=70 obj=25.6
  T 17 [  193s] mean=81.3 >=70=89% min=61 | ocean=67% lift=14 grad=7.2 ratio=0.884 pctl=70 obj=27.9 ** BEST **
  T 18 [  204s] mean=82.2 >=70=89% min=61 | ocean=67% lift=15 grad=7.0 ratio=0.892 pctl=72 obj=28.3 ** BEST **
  T 19 [  215s] mean=74.1 >=70=62% min=47 | ocean=61% lift=13 grad=6.6 ratio=0.875 pctl=69 obj=24.6
  T 20 [  225s] mean=72.5 >=70=55% min=56 | ocean=61% lift=12 grad=5.1 ratio=0.891 pctl=70 obj=22.8
  T 21 [  236s] mean=78.6 >=70=85% min=54 | ocean=66% lift=12 grad=6.6 ratio=0.874 pctl=68 obj=26.0
  T 22 [  246s] mean=78.0 >=70=77% min=59 | ocean=64% lift=14 grad=7.1 ratio=0.878 pctl=71 obj=26.9
  T 23 [  257s] mean=77.8 >=70=79% min=58 | ocean=64% lift=14 grad=6.9 ratio=0.880 pctl=70 obj=26.7
  T 24 [  267s] mean=75.0 >=70=68% min=57 | ocean=63% lift=12 grad=5.9 ratio=0.894 pctl=71 obj=24.6
  T 25 [  278s] mean=75.3 >=70=64% min=53 | ocean=60% lift=15 grad=7.0 ratio=0.869 pctl=72 obj=26.0
  T 26 [  288s] mean=76.5 >=70=77% min=55 | ocean=60% lift=16 grad=7.0 ratio=0.882 pctl=76 obj=27.4
  T 27 [  298s] mean=72.6 >=70=62% min=52 | ocean=58% lift=15 grad=6.1 ratio=0.889 pctl=75 obj=24.9
  T 28 [  309s] mean=71.7 >=70=53% min=50 | ocean=58% lift=14 grad=5.9 ratio=0.878 pctl=72 obj=23.8
  T 29 [  320s] mean=76.5 >=70=68% min=53 | ocean=63% lift=14 grad=6.2 ratio=0.891 pctl=71 obj=25.3
  T 30 [  331s] mean=78.7 >=70=83% min=54 | ocean=63% lift=16 grad=7.4 ratio=0.864 pctl=70 obj=27.8
  T 31 [  341s] mean=69.6 >=70=47% min=43 | ocean=56% lift=14 grad=6.3 ratio=0.856 pctl=70 obj=23.3
  T 32 [  352s] mean=79.6 >=70=83% min=56 | ocean=63% lift=17 grad=7.8 ratio=0.874 pctl=72 obj=28.6 ** BEST **
  T 33 [  363s] mean=78.1 >=70=81% min=53 | ocean=62% lift=16 grad=7.5 ratio=0.875 pctl=72 obj=28.0
  T 34 [  373s] mean=78.8 >=70=79% min=52 | ocean=63% lift=16 grad=7.4 ratio=0.877 pctl=72 obj=27.6
  T 35 [  384s] mean=82.1 >=70=89% min=61 | ocean=67% lift=15 grad=6.7 ratio=0.899 pctl=72 obj=27.8
  T 36 [  394s] mean=76.8 >=70=70% min=52 | ocean=60% lift=17 grad=7.6 ratio=0.864 pctl=73 obj=27.5
  T 37 [  405s] mean=76.7 >=70=68% min=54 | ocean=62% lift=15 grad=7.7 ratio=0.869 pctl=70 obj=26.8
  T 38 [  416s] mean=77.0 >=70=70% min=51 | ocean=63% lift=14 grad=6.9 ratio=0.861 pctl=70 obj=25.9
  T 39 [  426s] mean=75.5 >=70=74% min=54 | ocean=62% lift=13 grad=6.2 ratio=0.882 pctl=71 obj=25.4
  T 40 [  437s] mean=81.6 >=70=94% min=61 | ocean=70% lift=11 grad=4.9 ratio=0.896 pctl=68 obj=25.4
  T 41 [  448s] mean=76.8 >=70=72% min=51 | ocean=64% lift=13 grad=6.8 ratio=0.885 pctl=67 obj=25.6
  T 42 [  458s] mean=82.4 >=70=91% min=61 | ocean=68% lift=14 grad=6.6 ratio=0.901 pctl=71 obj=27.8
  T 43 [  469s] mean=83.2 >=70=89% min=62 | ocean=68% lift=15 grad=6.8 ratio=0.898 pctl=72 obj=28.2
  T 44 [  479s] mean=85.5 >=70=96% min=64 | ocean=71% lift=15 grad=6.3 ratio=0.900 pctl=72 obj=28.3
  T 45 [  490s] mean=75.8 >=70=70% min=52 | ocean=63% lift=13 grad=6.1 ratio=0.869 pctl=69 obj=24.7
  T 46 [  500s] mean=76.8 >=70=72% min=50 | ocean=63% lift=14 grad=6.5 ratio=0.883 pctl=71 obj=25.7
  T 47 [  510s] mean=79.0 >=70=79% min=55 | ocean=66% lift=13 grad=6.5 ratio=0.883 pctl=69 obj=26.2
  T 48 [  520s] mean=69.5 >=70=43% min=41 | ocean=57% lift=12 grad=7.3 ratio=0.823 pctl=68 obj=23.2
  T 49 [  530s] mean=80.7 >=70=91% min=59 | ocean=66% lift=14 grad=5.9 ratio=0.894 pctl=72 obj=27.0
  T 50 [  541s] mean=83.1 >=70=91% min=65 | ocean=69% lift=14 grad=6.1 ratio=0.905 pctl=72 obj=27.5
  T 51 [  552s] mean=76.8 >=70=72% min=48 | ocean=63% lift=14 grad=8.1 ratio=0.872 pctl=69 obj=26.9
  T 52 [  562s] mean=81.1 >=70=85% min=61 | ocean=67% lift=14 grad=6.9 ratio=0.888 pctl=70 obj=27.6
  T 53 [  572s] mean=81.1 >=70=83% min=58 | ocean=65% lift=16 grad=7.8 ratio=0.878 pctl=70 obj=28.5
  T 54 [  582s] mean=80.2 >=70=83% min=58 | ocean=64% lift=16 grad=8.0 ratio=0.874 pctl=70 obj=28.6
  T 55 [  592s] mean=80.3 >=70=83% min=57 | ocean=65% lift=16 grad=7.6 ratio=0.878 pctl=70 obj=28.2
  T 56 [  602s] mean=78.9 >=70=77% min=57 | ocean=63% lift=16 grad=8.1 ratio=0.870 pctl=70 obj=28.1
  T 57 [  613s] mean=77.1 >=70=74% min=57 | ocean=63% lift=14 grad=7.9 ratio=0.868 pctl=68 obj=27.0
  T 58 [  623s] mean=80.7 >=70=83% min=59 | ocean=66% lift=14 grad=7.1 ratio=0.880 pctl=70 obj=27.5
  T 59 [  634s] mean=76.6 >=70=72% min=55 | ocean=64% lift=12 grad=6.5 ratio=0.862 pctl=67 obj=25.2
  T 60 [  644s] mean=73.0 >=70=62% min=55 | ocean=58% lift=15 grad=7.6 ratio=0.865 pctl=72 obj=26.3
  T 61 [  655s] mean=80.5 >=70=89% min=62 | ocean=66% lift=15 grad=6.5 ratio=0.893 pctl=72 obj=27.6
  T 62 [  665s] mean=80.0 >=70=83% min=59 | ocean=65% lift=15 grad=7.6 ratio=0.879 pctl=70 obj=28.1
  T 63 [  675s] mean=80.8 >=70=83% min=56 | ocean=65% lift=16 grad=7.6 ratio=0.877 pctl=70 obj=28.2
  T 64 [  685s] mean=78.6 >=70=85% min=58 | ocean=64% lift=15 grad=7.5 ratio=0.877 pctl=69 obj=27.7
  T 65 [  695s] mean=80.8 >=70=89% min=63 | ocean=67% lift=14 grad=6.4 ratio=0.894 pctl=70 obj=27.3
  T 66 [  705s] mean=76.9 >=70=66% min=52 | ocean=62% lift=15 grad=7.7 ratio=0.857 pctl=68 obj=26.5
  T 67 [  715s] mean=74.3 >=70=60% min=50 | ocean=61% lift=14 grad=7.6 ratio=0.855 pctl=70 obj=25.6
  T 68 [  725s] mean=78.8 >=70=77% min=61 | ocean=64% lift=15 grad=7.5 ratio=0.871 pctl=71 obj=27.6
  T 69 [  735s] mean=80.5 >=70=89% min=57 | ocean=66% lift=15 grad=7.2 ratio=0.890 pctl=70 obj=27.9
  T 70 [  745s] mean=77.2 >=70=77% min=57 | ocean=63% lift=14 grad=7.2 ratio=0.872 pctl=71 obj=26.9
  T 71 [  756s] mean=74.6 >=70=66% min=49 | ocean=61% lift=14 grad=6.5 ratio=0.861 pctl=69 obj=25.1
  T 72 [  766s] mean=81.0 >=70=83% min=56 | ocean=66% lift=15 grad=7.2 ratio=0.877 pctl=70 obj=27.8
  T 73 [  776s] mean=81.2 >=70=87% min=57 | ocean=66% lift=16 grad=7.5 ratio=0.879 pctl=71 obj=28.5
  T 74 [  786s] mean=79.5 >=70=83% min=56 | ocean=64% lift=15 grad=7.1 ratio=0.877 pctl=71 obj=27.6
  T 75 [  797s] mean=82.2 >=70=89% min=62 | ocean=68% lift=14 grad=6.4 ratio=0.896 pctl=70 obj=27.6
  T 76 [  807s] mean=79.6 >=70=81% min=59 | ocean=64% lift=15 grad=7.4 ratio=0.879 pctl=72 obj=27.9
  T 77 [  817s] mean=83.8 >=70=91% min=61 | ocean=68% lift=16 grad=7.3 ratio=0.900 pctl=70 obj=29.0 ** BEST **
  T 78 [  827s] mean=81.5 >=70=85% min=62 | ocean=65% lift=16 grad=7.4 ratio=0.896 pctl=73 obj=28.7
  T 79 [  838s] mean=81.1 >=70=85% min=58 | ocean=65% lift=16 grad=7.6 ratio=0.891 pctl=72 obj=28.6
  T 80 [  848s] mean=79.0 >=70=79% min=59 | ocean=63% lift=16 grad=7.6 ratio=0.883 pctl=71 obj=28.0
  T 81 [  858s] mean=73.9 >=70=62% min=54 | ocean=59% lift=15 grad=7.2 ratio=0.876 pctl=70 obj=25.7
  T 82 [  869s] mean=77.9 >=70=74% min=56 | ocean=61% lift=17 grad=8.1 ratio=0.879 pctl=73 obj=28.4
  T 83 [  879s] mean=76.6 >=70=66% min=55 | ocean=60% lift=17 grad=8.1 ratio=0.875 pctl=72 obj=27.7
  T 84 [  889s] mean=79.0 >=70=83% min=56 | ocean=63% lift=16 grad=7.7 ratio=0.887 pctl=72 obj=28.2
  T 85 [  899s] mean=77.4 >=70=74% min=51 | ocean=61% lift=16 grad=7.2 ratio=0.884 pctl=73 obj=27.4
  T 86 [  909s] mean=76.7 >=70=74% min=53 | ocean=61% lift=15 grad=6.9 ratio=0.894 pctl=72 obj=26.7
  T 87 [  919s] mean=72.9 >=70=55% min=49 | ocean=58% lift=15 grad=7.9 ratio=0.865 pctl=72 obj=26.1
  T 88 [  929s] mean=77.9 >=70=79% min=57 | ocean=64% lift=14 grad=6.9 ratio=0.877 pctl=72 obj=26.6
  T 89 [  940s] mean=76.1 >=70=66% min=49 | ocean=60% lift=16 grad=7.0 ratio=0.886 pctl=72 obj=26.3
  T 90 [  949s] mean=78.4 >=70=74% min=57 | ocean=62% lift=17 grad=8.1 ratio=0.882 pctl=73 obj=28.4
  T 91 [  959s] mean=72.9 >=70=60% min=52 | ocean=57% lift=16 grad=7.9 ratio=0.871 pctl=73 obj=26.6
  T 92 [  969s] mean=77.7 >=70=72% min=55 | ocean=61% lift=17 grad=8.3 ratio=0.878 pctl=73 obj=28.3
  T 93 [  979s] mean=77.4 >=70=77% min=54 | ocean=62% lift=15 grad=7.1 ratio=0.883 pctl=72 obj=27.1
  T 94 [  990s] mean=76.0 >=70=68% min=49 | ocean=60% lift=16 grad=8.0 ratio=0.869 pctl=72 obj=27.3
  T 95 [ 1000s] mean=76.3 >=70=72% min=56 | ocean=61% lift=15 grad=7.9 ratio=0.871 pctl=73 obj=27.4
  T 96 [ 1010s] mean=79.2 >=70=81% min=57 | ocean=63% lift=16 grad=7.4 ratio=0.887 pctl=71 obj=27.9
  T 97 [ 1020s] mean=67.3 >=70=40% min=44 | ocean=53% lift=14 grad=7.4 ratio=0.852 pctl=72 obj=23.9
  T 98 [ 1030s] mean=80.1 >=70=87% min=60 | ocean=65% lift=15 grad=7.9 ratio=0.883 pctl=70 obj=28.6
  T 99 [ 1040s] mean=81.1 >=70=81% min=63 | ocean=67% lift=15 grad=7.2 ratio=0.896 pctl=70 obj=27.7
  T100 [ 1050s] mean=75.8 >=70=60% min=51 | ocean=61% lift=15 grad=7.6 ratio=0.874 pctl=71 obj=26.3
  T101 [ 1061s] mean=78.1 >=70=77% min=58 | ocean=64% lift=14 grad=7.7 ratio=0.864 pctl=68 obj=27.1
  T102 [ 1071s] mean=84.7 >=70=91% min=64 | ocean=68% lift=17 grad=8.2 ratio=0.895 pctl=72 obj=30.3 ** BEST **
  T103 [ 1081s] mean=84.7 >=70=94% min=59 | ocean=68% lift=16 grad=7.6 ratio=0.901 pctl=70 obj=29.4
  T104 [ 1092s] mean=86.0 >=70=91% min=60 | ocean=69% lift=17 grad=7.8 ratio=0.904 pctl=71 obj=29.7
  T105 [ 1102s] mean=84.9 >=70=91% min=60 | ocean=69% lift=16 grad=7.8 ratio=0.901 pctl=69 obj=29.5
  T106 [ 1113s] mean=84.4 >=70=91% min=60 | ocean=68% lift=16 grad=7.8 ratio=0.900 pctl=70 obj=29.4
  T107 [ 1123s] mean=83.7 >=70=89% min=58 | ocean=68% lift=16 grad=7.9 ratio=0.898 pctl=70 obj=29.2
  T108 [ 1133s] mean=82.9 >=70=87% min=58 | ocean=67% lift=16 grad=7.8 ratio=0.897 pctl=69 obj=28.9
  T109 [ 1143s] mean=82.1 >=70=87% min=58 | ocean=66% lift=16 grad=7.9 ratio=0.894 pctl=69 obj=28.8
  T110 [ 1154s] mean=82.3 >=70=87% min=59 | ocean=67% lift=16 grad=7.8 ratio=0.896 pctl=69 obj=28.8
  T111 [ 1164s] mean=81.5 >=70=87% min=60 | ocean=66% lift=16 grad=7.8 ratio=0.895 pctl=69 obj=28.7
  T112 [ 1175s] mean=81.5 >=70=87% min=60 | ocean=66% lift=16 grad=7.8 ratio=0.895 pctl=69 obj=28.7
  T113 [ 1186s] mean=82.8 >=70=87% min=59 | ocean=67% lift=16 grad=7.9 ratio=0.896 pctl=70 obj=29.0
  T114 [ 1196s] mean=82.0 >=70=87% min=59 | ocean=66% lift=16 grad=7.9 ratio=0.895 pctl=69 obj=28.9
  T115 [ 1207s] mean=81.7 >=70=87% min=59 | ocean=66% lift=16 grad=8.0 ratio=0.893 pctl=69 obj=28.9
  T116 [ 1218s] mean=82.1 >=70=87% min=59 | ocean=66% lift=16 grad=8.0 ratio=0.893 pctl=69 obj=28.9
  T117 [ 1228s] mean=82.3 >=70=87% min=58 | ocean=67% lift=16 grad=7.9 ratio=0.895 pctl=69 obj=28.8
  T118 [ 1239s] mean=81.4 >=70=85% min=58 | ocean=66% lift=16 grad=8.1 ratio=0.891 pctl=69 obj=28.8
  T119 [ 1249s] mean=83.8 >=70=87% min=59 | ocean=68% lift=16 grad=7.8 ratio=0.898 pctl=70 obj=29.0
  T120 [ 1260s] mean=84.4 >=70=87% min=60 | ocean=68% lift=16 grad=7.8 ratio=0.900 pctl=69 obj=29.1
  T121 [ 1271s] mean=85.3 >=70=87% min=59 | ocean=69% lift=16 grad=7.6 ratio=0.902 pctl=69 obj=29.0
  T122 [ 1281s] mean=85.3 >=70=87% min=58 | ocean=69% lift=16 grad=7.5 ratio=0.905 pctl=70 obj=29.0
  T123 [ 1291s] mean=84.2 >=70=87% min=59 | ocean=68% lift=16 grad=7.5 ratio=0.902 pctl=70 obj=28.8
  T124 [ 1302s] mean=83.8 >=70=87% min=60 | ocean=68% lift=16 grad=7.4 ratio=0.903 pctl=70 obj=28.7
  T125 [ 1312s] mean=85.6 >=70=87% min=60 | ocean=69% lift=16 grad=7.8 ratio=0.903 pctl=70 obj=29.4
  T126 [ 1323s] mean=82.6 >=70=87% min=56 | ocean=67% lift=16 grad=7.7 ratio=0.895 pctl=70 obj=28.8
  T127 [ 1334s] mean=85.8 >=70=89% min=60 | ocean=70% lift=16 grad=7.8 ratio=0.901 pctl=69 obj=29.2
  T128 [ 1344s] mean=83.6 >=70=87% min=60 | ocean=68% lift=16 grad=7.7 ratio=0.899 pctl=69 obj=28.8
  T129 [ 1355s] mean=86.2 >=70=89% min=61 | ocean=70% lift=16 grad=8.0 ratio=0.902 pctl=70 obj=29.7
  T130 [ 1365s] mean=85.8 >=70=87% min=61 | ocean=69% lift=16 grad=8.1 ratio=0.899 pctl=70 obj=29.6
  T131 [ 1375s] mean=85.3 >=70=91% min=60 | ocean=69% lift=16 grad=8.0 ratio=0.900 pctl=69 obj=29.5
  T132 [ 1387s] mean=85.2 >=70=91% min=60 | ocean=69% lift=16 grad=8.1 ratio=0.898 pctl=70 obj=29.6
  T133 [ 1397s] mean=85.8 >=70=91% min=59 | ocean=70% lift=16 grad=7.9 ratio=0.901 pctl=69 obj=29.4
  T134 [ 1408s] mean=85.8 >=70=91% min=59 | ocean=70% lift=16 grad=7.9 ratio=0.901 pctl=69 obj=29.4
  T135 [ 1418s] mean=85.6 >=70=91% min=58 | ocean=70% lift=16 grad=7.8 ratio=0.900 pctl=69 obj=29.3
  T136 [ 1429s] mean=86.0 >=70=91% min=58 | ocean=70% lift=16 grad=7.8 ratio=0.901 pctl=69 obj=29.4
  T137 [ 1439s] mean=85.5 >=70=91% min=58 | ocean=70% lift=16 grad=7.8 ratio=0.901 pctl=69 obj=29.3
  T138 [ 1449s] mean=85.2 >=70=91% min=57 | ocean=69% lift=16 grad=7.9 ratio=0.898 pctl=69 obj=29.3
  T139 [ 1459s] mean=81.5 >=70=89% min=54 | ocean=67% lift=15 grad=7.8 ratio=0.889 pctl=68 obj=28.4
  T140 [ 1470s] mean=83.8 >=70=89% min=56 | ocean=68% lift=16 grad=7.9 ratio=0.896 pctl=70 obj=29.1
  T141 [ 1480s] mean=85.3 >=70=89% min=57 | ocean=70% lift=16 grad=7.8 ratio=0.898 pctl=69 obj=29.2
  T142 [ 1491s] mean=85.6 >=70=91% min=58 | ocean=70% lift=16 grad=7.8 ratio=0.900 pctl=69 obj=29.3
  T143 [ 1501s] mean=85.2 >=70=91% min=57 | ocean=70% lift=16 grad=7.8 ratio=0.898 pctl=69 obj=29.2
  T144 [ 1511s] mean=85.7 >=70=91% min=58 | ocean=70% lift=16 grad=8.0 ratio=0.900 pctl=69 obj=29.6
  T145 [ 1521s] mean=85.9 >=70=91% min=59 | ocean=70% lift=16 grad=8.0 ratio=0.901 pctl=70 obj=29.6
  T146 [ 1531s] mean=84.9 >=70=89% min=58 | ocean=69% lift=16 grad=8.1 ratio=0.897 pctl=70 obj=29.5
  T147 [ 1542s] mean=83.6 >=70=87% min=57 | ocean=67% lift=16 grad=8.2 ratio=0.894 pctl=70 obj=29.3
  T148 [ 1552s] mean=85.0 >=70=89% min=59 | ocean=69% lift=16 grad=8.2 ratio=0.896 pctl=70 obj=29.7
  T149 [ 1562s] mean=85.0 >=70=89% min=59 | ocean=68% lift=16 grad=8.2 ratio=0.896 pctl=70 obj=29.8
  T150 [ 1572s] mean=82.5 >=70=85% min=54 | ocean=67% lift=16 grad=8.2 ratio=0.884 pctl=70 obj=29.0
  T151 [ 1583s] mean=85.1 >=70=89% min=59 | ocean=69% lift=16 grad=8.1 ratio=0.899 pctl=70 obj=29.6
  T152 [ 1593s] mean=85.3 >=70=91% min=60 | ocean=69% lift=16 grad=8.1 ratio=0.900 pctl=70 obj=29.8
  T153 [ 1603s] mean=84.8 >=70=87% min=59 | ocean=69% lift=16 grad=8.1 ratio=0.898 pctl=70 obj=29.5
  T154 [ 1614s] mean=85.1 >=70=91% min=60 | ocean=69% lift=17 grad=8.2 ratio=0.898 pctl=71 obj=29.9
  T155 [ 1624s] mean=82.5 >=70=87% min=56 | ocean=67% lift=16 grad=7.8 ratio=0.894 pctl=69 obj=28.6
  T156 [ 1634s] mean=84.6 >=70=87% min=60 | ocean=68% lift=17 grad=8.2 ratio=0.898 pctl=70 obj=29.6
  T157 [ 1645s] mean=84.1 >=70=89% min=60 | ocean=68% lift=16 grad=8.1 ratio=0.895 pctl=70 obj=29.6
  T158 [ 1655s] mean=83.1 >=70=87% min=59 | ocean=67% lift=16 grad=8.2 ratio=0.893 pctl=70 obj=29.4
  T159 [ 1665s] mean=83.5 >=70=85% min=60 | ocean=67% lift=16 grad=8.0 ratio=0.896 pctl=70 obj=29.2
  T160 [ 1675s] mean=76.9 >=70=81% min=53 | ocean=61% lift=16 grad=7.9 ratio=0.887 pctl=71 obj=27.9
  T161 [ 1686s] mean=85.0 >=70=91% min=61 | ocean=68% lift=17 grad=8.0 ratio=0.899 pctl=71 obj=29.8
  T162 [ 1696s] mean=85.1 >=70=91% min=61 | ocean=68% lift=17 grad=8.0 ratio=0.899 pctl=71 obj=29.8
  T163 [ 1706s] mean=84.9 >=70=91% min=61 | ocean=68% lift=16 grad=8.0 ratio=0.897 pctl=70 obj=29.7
  T164 [ 1717s] mean=85.1 >=70=91% min=61 | ocean=69% lift=16 grad=8.0 ratio=0.899 pctl=70 obj=29.8
  T165 [ 1727s] mean=84.7 >=70=91% min=61 | ocean=68% lift=16 grad=8.0 ratio=0.897 pctl=70 obj=29.7
  T166 [ 1738s] mean=84.5 >=70=87% min=61 | ocean=68% lift=17 grad=8.0 ratio=0.899 pctl=71 obj=29.5
  T167 [ 1748s] mean=84.5 >=70=87% min=61 | ocean=68% lift=16 grad=8.2 ratio=0.895 pctl=70 obj=29.6
  T168 [ 1758s] mean=84.5 >=70=87% min=61 | ocean=68% lift=16 grad=8.2 ratio=0.895 pctl=70 obj=29.6
  T169 [ 1768s] mean=81.0 >=70=81% min=60 | ocean=64% lift=17 grad=7.9 ratio=0.891 pctl=70 obj=28.7
  T170 [ 1779s] mean=85.3 >=70=94% min=68 | ocean=69% lift=16 grad=7.7 ratio=0.904 pctl=70 obj=29.7
  T171 [ 1789s] mean=84.2 >=70=94% min=67 | ocean=69% lift=16 grad=7.5 ratio=0.903 pctl=69 obj=29.3
  T172 [ 1799s] mean=85.5 >=70=96% min=68 | ocean=70% lift=16 grad=7.7 ratio=0.905 pctl=70 obj=29.8
  T173 [ 1809s] mean=85.4 >=70=96% min=68 | ocean=69% lift=16 grad=7.7 ratio=0.905 pctl=70 obj=29.8
  T174 [ 1820s] mean=84.7 >=70=91% min=68 | ocean=69% lift=16 grad=7.6 ratio=0.905 pctl=70 obj=29.4
  T175 [ 1830s] mean=85.8 >=70=98% min=67 | ocean=70% lift=16 grad=7.7 ratio=0.905 pctl=70 obj=29.9
  T176 [ 1841s] mean=85.3 >=70=98% min=67 | ocean=69% lift=16 grad=7.6 ratio=0.905 pctl=70 obj=29.8
  T177 [ 1850s] mean=87.2 >=70=100% min=71 | ocean=74% lift=13 grad=5.7 ratio=0.922 pctl=69 obj=27.8
  T178 [ 1860s] mean=85.8 >=70=96% min=67 | ocean=70% lift=16 grad=7.7 ratio=0.906 pctl=70 obj=29.8
  T179 [ 1871s] mean=77.7 >=70=81% min=62 | ocean=64% lift=14 grad=7.3 ratio=0.883 pctl=68 obj=27.2
  T180 [ 1881s] mean=85.6 >=70=94% min=67 | ocean=70% lift=16 grad=7.6 ratio=0.907 pctl=71 obj=29.7
  T181 [ 1891s] mean=83.3 >=70=89% min=67 | ocean=67% lift=16 grad=7.5 ratio=0.903 pctl=71 obj=29.2
  T182 [ 1902s] mean=85.2 >=70=94% min=67 | ocean=69% lift=16 grad=7.5 ratio=0.906 pctl=71 obj=29.5
  T183 [ 1912s] mean=86.3 >=70=98% min=68 | ocean=70% lift=16 grad=7.6 ratio=0.907 pctl=70 obj=30.0
  T184 [ 1922s] mean=85.5 >=70=96% min=68 | ocean=70% lift=16 grad=7.6 ratio=0.908 pctl=70 obj=29.7
  T185 [ 1932s] mean=85.2 >=70=94% min=67 | ocean=69% lift=16 grad=7.6 ratio=0.906 pctl=70 obj=29.6
  T186 [ 1943s] mean=85.2 >=70=94% min=68 | ocean=69% lift=16 grad=7.6 ratio=0.907 pctl=70 obj=29.6
  T187 [ 1953s] mean=86.8 >=70=96% min=67 | ocean=71% lift=16 grad=7.6 ratio=0.910 pctl=70 obj=29.9
  T188 [ 1963s] mean=86.7 >=70=96% min=67 | ocean=71% lift=16 grad=7.6 ratio=0.910 pctl=70 obj=29.9
  T189 [ 1974s] mean=86.2 >=70=96% min=67 | ocean=70% lift=16 grad=7.5 ratio=0.911 pctl=71 obj=29.8
  T190 [ 1984s] mean=86.4 >=70=94% min=67 | ocean=70% lift=16 grad=7.6 ratio=0.910 pctl=71 obj=29.8
  T191 [ 1994s] mean=86.7 >=70=94% min=67 | ocean=70% lift=16 grad=7.6 ratio=0.910 pctl=71 obj=29.9
  T192 [ 2005s] mean=86.5 >=70=94% min=67 | ocean=70% lift=16 grad=7.6 ratio=0.910 pctl=71 obj=29.9
  T193 [ 2014s] mean=86.4 >=70=94% min=67 | ocean=70% lift=16 grad=7.7 ratio=0.909 pctl=71 obj=29.9
  T194 [ 2025s] mean=86.2 >=70=94% min=67 | ocean=70% lift=16 grad=7.7 ratio=0.908 pctl=71 obj=29.9
  T195 [ 2035s] mean=87.8 >=70=96% min=67 | ocean=74% lift=14 grad=6.4 ratio=0.921 pctl=69 obj=26.6
  T196 [ 2046s] mean=86.6 >=70=96% min=68 | ocean=70% lift=16 grad=7.7 ratio=0.909 pctl=71 obj=30.1
  T197 [ 2056s] mean=86.8 >=70=94% min=68 | ocean=70% lift=16 grad=7.7 ratio=0.910 pctl=71 obj=30.0
  T198 [ 2066s] mean=86.5 >=70=94% min=68 | ocean=70% lift=16 grad=7.7 ratio=0.908 pctl=71 obj=30.0
  T199 [ 2077s] mean=86.5 >=70=94% min=68 | ocean=70% lift=16 grad=7.7 ratio=0.908 pctl=71 obj=30.0
  T200 [ 2087s] mean=86.5 >=70=94% min=68 | ocean=70% lift=16 grad=7.7 ratio=0.908 pctl=71 obj=30.0

==========================================================================================
OPTIMIZATION COMPLETE
==========================================================================================

Best trial: #101
  Objective: 30.3

Best parameters:
  band_boost                = 0.2000
  band_decay                = 0.4000
  band_deep_ratio           = 0.1500
  band_shore_ratio          = 0.2500
  band_width_nm             = 4.0000
  bathy_w_200               = 0.7000
  bathy_w_500               = 0.1000
  chl_curvature_edge_center = 0.6000
  chl_curvature_edge_width  = 0.5000
  chl_sigma                 = 0.3000
  chl_threshold             = 0.1600
  corridor_pct              = 70
  current_shear_edge_center = 0.3500
  current_shear_edge_width  = 0.3000
  depth_floor               = 0.4000
  depth_shallow_floor       = 0.6000
  depth_shallow_full        = 140
  depth_taper_mid           = 800
  depth_taper_start         = 500
  edge_shelf_sigma          = 4.0000
  front_sigma               = 1.0000
  lunar_boost               = 0.0800
  okubo_weiss_edge_center   = 0.5500
  okubo_weiss_edge_width    = 0.4000
  pool_pct                  = 75
  shallow_cut               = 0.5000
  shear_depth_full          = 200
  shear_depth_thresh        = 80
  shelf_prox_blend          = 0.3000
  shelf_prox_depth          = 160
  shelf_prox_sigma          = 70.0000
  sst_optimal               = 22.7500
  sst_sigma                 = 2.5000
  sst_sigma_above           = 3.0000
  upwelling_edge_edge_center = 0.5000
  upwelling_edge_edge_width = 0.3500
  w_chl                     = 0.1014
  w_chl_curvature           = 0.1304
  w_current                 = 0.0000
  w_front_corridor          = 0.0435
  w_ftle                    = 0.0000
  w_okubo_weiss             = 0.0145
  w_salinity_front          = 0.0435
  w_shear                   = 0.0725
  w_shelf                   = 0.0725
  w_ssh                     = 0.1449
  w_sst                     = 0.2319
  w_sst_front               = 0.0290
  w_upwell                  = 0.0870
  w_vert_vel                = 0.0290

Best metrics:
  mean               = 84.749
  median             = 86.156
  pct_70             = 91.489
  pct_80             = 63.830
  min                = 63.916
  max                = 99.650
  n                  = 47
  ocean_mean         = 67.609
  ocean_pct70        = 55.463
  catch_lift         = 17.141
  avg_gradient       = 8.231
  avg_percentile     = 71.822
  avg_top10_area     = 10.256
  avg_peak_ratio     = 0.895
  objective          = 30.285

--- Improvement over baseline ---
  mean              : 72.9 -> 84.7  (+11.9)
  pct_70            : 61.7 -> 91.5  (+29.8)
  min               : 44.3 -> 63.9  (+19.6)
  ocean_mean        : 57.4 -> 67.6  (+10.2)
  catch_lift        : 15.5 -> 17.1  (+1.7)
  avg_percentile    : 71.9 -> 71.8  (-0.1)
  avg_gradient      : 8.3 -> 8.2  (-0.1)
  avg_peak_ratio    : 0.866 -> 0.895  (+0.030)
  objective         : 26.6 -> 30.3  (+3.7)

Results saved to C:\Github\marine-chart\data\visual_optimization_results.json
