
============================================================
[1/18] 2022-03-12
============================================================
INFO - 2026-03-15T09:48:31Z - Selected dataset version: "default"
INFO - 2026-03-15T09:48:31Z - Selected dataset part: "default"
INFO - 2026-03-15T09:48:36Z - Selected dataset version: "202406"
INFO - 2026-03-15T09:48:36Z - Selected dataset part: "default"
INFO - 2026-03-15T09:48:41Z - Selected dataset version: "202411"
INFO - 2026-03-15T09:48:41Z - Selected dataset part: "default"
INFO - 2026-03-15T09:48:47Z - Selected dataset version: "202311"
INFO - 2026-03-15T09:48:47Z - Selected dataset part: "default"
INFO - 2026-03-15T09:48:52Z - Selected dataset version: "202311"
INFO - 2026-03-15T09:48:52Z - Selected dataset part: "default"
WARNING - 2026-03-15T09:48:52Z - Some of your subset selection [0.0, 1.0] for the depth dimension exceed the dataset coordinates [0.4940253794193268, 5727.91650390625]
INFO - 2026-03-15T09:49:04Z - Selected dataset version: "202311"
INFO - 2026-03-15T09:49:04Z - Selected dataset part: "default"
INFO - 2026-03-15T09:49:10Z - Selected dataset version: "202311"
INFO - 2026-03-15T09:49:10Z - Selected dataset part: "default"
INFO - 2026-03-15T09:49:15Z - Selected dataset version: "202311"
INFO - 2026-03-15T09:49:15Z - Selected dataset part: "default"
INFO - 2026-03-15T09:49:21Z - Selected dataset version: "202311"
INFO - 2026-03-15T09:49:21Z - Selected dataset part: "default"
INFO - 2026-03-15T09:49:26Z - Selected dataset version: "202311"
INFO - 2026-03-15T09:49:26Z - Selected dataset part: "default"
INFO - 2026-03-15T09:49:32Z - Selected dataset version: "202311"
INFO - 2026-03-15T09:49:32Z - Selected dataset part: "default"
INFO - 2026-03-15T09:49:37Z - Selected dataset version: "202506"
INFO - 2026-03-15T09:49:37Z - Selected dataset part: "default"
INFO - 2026-03-15T09:49:42Z - Selected dataset version: "202506"
INFO - 2026-03-15T09:49:42Z - Selected dataset part: "default"
INFO - 2026-03-15T09:49:48Z - Selected dataset version: "202506"
INFO - 2026-03-15T09:49:48Z - Selected dataset part: "default"
INFO - 2026-03-15T09:49:53Z - Selected dataset version: "202506"
INFO - 2026-03-15T09:49:53Z - Selected dataset part: "default"
INFO - 2026-03-15T09:49:58Z - Selected dataset version: "202506"
INFO - 2026-03-15T09:49:58Z - Selected dataset part: "default"
INFO - 2026-03-15T09:50:04Z - Selected dataset version: "202506"
INFO - 2026-03-15T09:50:04Z - Selected dataset part: "default"
INFO - 2026-03-15T09:50:09Z - Selected dataset version: "202506"
INFO - 2026-03-15T09:50:09Z - Selected dataset part: "default"
INFO - 2026-03-15T09:50:14Z - Selected dataset version: "202506"
INFO - 2026-03-15T09:50:14Z - Selected dataset part: "default"
INFO - 2026-03-15T09:50:20Z - Selected dataset version: "202406"
INFO - 2026-03-15T09:50:20Z - Selected dataset part: "default"
INFO - 2026-03-15T09:50:25Z - Selected dataset version: "202311"
INFO - 2026-03-15T09:50:25Z - Selected dataset part: "default"
INFO - 2026-03-15T09:50:37Z - Selected dataset version: "default"
INFO - 2026-03-15T09:50:37Z - Selected dataset part: "default"
INFO - 2026-03-15T09:50:42Z - Selected dataset version: "202406"
INFO - 2026-03-15T09:50:42Z - Selected dataset part: "default"
WARNING - 2026-03-15T09:50:42Z - Some of your subset selection [0.0, 1.0] for the depth dimension exceed the dataset coordinates [0.49402499198913574, 5727.9169921875]
INFO - 2026-03-15T09:50:57Z - Selected dataset version: "202311"
INFO - 2026-03-15T09:50:57Z - Selected dataset part: "default"
INFO - 2026-03-15T09:51:02Z - Selected dataset version: "202311"
INFO - 2026-03-15T09:51:02Z - Selected dataset part: "default"
WARNING - 2026-03-15T09:51:02Z - Some of your subset selection [0.0, 1.0] for the depth dimension exceed the dataset coordinates [0.4940253794193268, 5727.91650390625]
INFO - 2026-03-15T09:51:14Z - Selected dataset version: "202311"
INFO - 2026-03-15T09:51:14Z - Selected dataset part: "default"
INFO - 2026-03-15T09:51:20Z - Selected dataset version: "202311"
INFO - 2026-03-15T09:51:20Z - Selected dataset part: "default"
INFO - 2026-03-15T09:51:25Z - Selected dataset version: "202311"
INFO - 2026-03-15T09:51:25Z - Selected dataset part: "default"
INFO - 2026-03-15T09:51:30Z - Selected dataset version: "202311"
INFO - 2026-03-15T09:51:30Z - Selected dataset part: "default"
INFO - 2026-03-15T09:51:35Z - Selected dataset version: "202311"
INFO - 2026-03-15T09:51:35Z - Selected dataset part: "default"
INFO - 2026-03-15T09:51:41Z - Selected dataset version: "202311"
INFO - 2026-03-15T09:51:41Z - Selected dataset part: "default"
INFO - 2026-03-15T09:51:46Z - Selected dataset version: "202506"
INFO - 2026-03-15T09:51:46Z - Selected dataset part: "default"
INFO - 2026-03-15T09:51:51Z - Selected dataset version: "202506"
INFO - 2026-03-15T09:51:51Z - Selected dataset part: "default"
INFO - 2026-03-15T09:51:57Z - Selected dataset version: "202506"
INFO - 2026-03-15T09:51:57Z - Selected dataset part: "default"
INFO - 2026-03-15T09:52:02Z - Selected dataset version: "202506"
INFO - 2026-03-15T09:52:02Z - Selected dataset part: "default"
INFO - 2026-03-15T09:52:08Z - Selected dataset version: "202506"
INFO - 2026-03-15T09:52:08Z - Selected dataset part: "default"
INFO - 2026-03-15T09:52:13Z - Selected dataset version: "202506"
INFO - 2026-03-15T09:52:13Z - Selected dataset part: "default"
INFO - 2026-03-15T09:52:18Z - Selected dataset version: "202506"
INFO - 2026-03-15T09:52:18Z - Selected dataset part: "default"
INFO - 2026-03-15T09:52:24Z - Selected dataset version: "202506"
INFO - 2026-03-15T09:52:24Z - Selected dataset part: "default"
INFO - 2026-03-15T09:52:29Z - Selected dataset version: "202406"
INFO - 2026-03-15T09:52:29Z - Selected dataset part: "default"
INFO - 2026-03-15T09:52:41Z - Selected dataset version: "202311"
INFO - 2026-03-15T09:52:41Z - Selected dataset part: "default"
INFO - 2026-03-15T09:52:53Z - Selected dataset version: "default"
INFO - 2026-03-15T09:52:53Z - Selected dataset part: "default"
INFO - 2026-03-15T09:52:58Z - Selected dataset version: "202406"
INFO - 2026-03-15T09:52:58Z - Selected dataset part: "default"
WARNING - 2026-03-15T09:52:58Z - Some of your subset selection [0.0, 1.0] for the depth dimension exceed the dataset coordinates [0.49402499198913574, 5727.9169921875]
INFO - 2026-03-15T09:53:11Z - Selected dataset version: "202311"
INFO - 2026-03-15T09:53:11Z - Selected dataset part: "default"
INFO - 2026-03-15T09:53:16Z - Selected dataset version: "202311"
INFO - 2026-03-15T09:53:16Z - Selected dataset part: "default"
WARNING - 2026-03-15T09:53:16Z - Some of your subset selection [0.0, 1.0] for the depth dimension exceed the dataset coordinates [0.4940253794193268, 5727.91650390625]
INFO - 2026-03-15T09:53:29Z - Selected dataset version: "202311"
INFO - 2026-03-15T09:53:29Z - Selected dataset part: "default"
INFO - 2026-03-15T09:53:35Z - Selected dataset version: "202311"
INFO - 2026-03-15T09:53:35Z - Selected dataset part: "default"
INFO - 2026-03-15T09:53:41Z - Selected dataset version: "202311"
INFO - 2026-03-15T09:53:41Z - Selected dataset part: "default"
INFO - 2026-03-15T09:53:46Z - Selected dataset version: "202311"
INFO - 2026-03-15T09:53:46Z - Selected dataset part: "default"
INFO - 2026-03-15T09:53:52Z - Selected dataset version: "202311"
INFO - 2026-03-15T09:53:52Z - Selected dataset part: "default"
INFO - 2026-03-15T09:53:57Z - Selected dataset version: "202311"
INFO - 2026-03-15T09:53:57Z - Selected dataset part: "default"
INFO - 2026-03-15T09:54:02Z - Selected dataset version: "202506"
INFO - 2026-03-15T09:54:02Z - Selected dataset part: "default"
INFO - 2026-03-15T09:54:08Z - Selected dataset version: "202506"
INFO - 2026-03-15T09:54:08Z - Selected dataset part: "default"
INFO - 2026-03-15T09:54:13Z - Selected dataset version: "202506"
INFO - 2026-03-15T09:54:13Z - Selected dataset part: "default"
INFO - 2026-03-15T09:54:18Z - Selected dataset version: "202506"
INFO - 2026-03-15T09:54:18Z - Selected dataset part: "default"
INFO - 2026-03-15T09:54:24Z - Selected dataset version: "202506"
INFO - 2026-03-15T09:54:24Z - Selected dataset part: "default"
INFO - 2026-03-15T09:54:29Z - Selected dataset version: "202506"
INFO - 2026-03-15T09:54:29Z - Selected dataset part: "default"
[SST] Fetching observation L4 for 2022-03-12...
  [SST] Error: Some of your subset selection [2022-03-12 00:00:00+00:00, 2022-03-12 23:59:59+00:00] for the time dimension exceed the dataset coordinates [2024-01-17 00:00:00+00:00, 2026-03-14 00:00:00+00:00]
[Currents] Fetching model 0.083deg for 2022-03-12...
[Currents] Model unavailable (Some of your subset selection [2022-03-12 00:00:00+00:00, 20), falling back to observation...
  [Currents] Error: Some of your subset selection [2022-03-12 00:00:00+00:00, 2022-03-12 23:59:59+00:00] for the time dimension exceed the dataset coordinates [2022-05-01 00:00:00+00:00, 2026-03-13 00:00:00+00:00]
[Chlorophyll] Fetching observation L4 for 2022-03-12...
[Chlorophyll] Observation unavailable (Some of your subset selection [2022-03-12 00:00:00+00:00, 20), falling back to model...
[Chlorophyll] Saved model fallback to data\2022-03-12\chl_raw.nc
[Water Clarity] Fetching KD490 for 2022-03-12...
[Water Clarity] 2022-03-12 not available, trying earlier...
[Water Clarity] Fetching KD490 for 2022-03-11...
[Water Clarity] 2022-03-11 not available, trying earlier...
[Water Clarity] Fetching KD490 for 2022-03-10...
[Water Clarity] 2022-03-10 not available, trying earlier...
[Water Clarity] Fetching KD490 for 2022-03-09...
[Water Clarity] 2022-03-09 not available, trying earlier...
[Water Clarity] Fetching KD490 for 2022-03-08...
[Water Clarity] 2022-03-08 not available, trying earlier...
[Water Clarity] Fetching KD490 for 2022-03-07...
  [KD490] Error: Some of your subset selection [2022-03-07 00:00:00+00:00, 2022-03-07 23:59:59+00:00] for the time dimension exceed the dataset coordinates [2026-02-27 00:00:00+00:00, 2026-03-13 00:00:00+00:00]
[SSH/Eddies] Fetching SLA for 2022-03-12...
[SSH/Eddies] 2022-03-12 not available, trying earlier...
[SSH/Eddies] Fetching SLA for 2022-03-11...
[SSH/Eddies] 2022-03-11 not available, trying earlier...
[SSH/Eddies] Fetching SLA for 2022-03-10...
[SSH/Eddies] 2022-03-10 not available, trying earlier...
[SSH/Eddies] Fetching SLA for 2022-03-09...
[SSH/Eddies] 2022-03-09 not available, trying earlier...
[SSH/Eddies] Fetching SLA for 2022-03-08...
[SSH/Eddies] 2022-03-08 not available, trying earlier...
[SSH/Eddies] Fetching SLA for 2022-03-07...
[SSH/Eddies] 2022-03-07 not available, trying earlier...
[SSH/Eddies] Fetching SLA for 2022-03-06...
[SSH/Eddies] 2022-03-06 not available, trying earlier...
[SSH/Eddies] Fetching SLA for 2022-03-05...
  [SSH] Error: Some of your subset selection [2022-03-05 00:00:00+00:00, 2022-03-05 23:59:59+00:00] for the time dimension exceed the dataset coordinates [2024-07-01 00:00:00+00:00, 2026-03-15 00:00:00+00:00]
[MLD] Fetching for 2022-03-12...
  [MLD] Error: Some of your subset selection [2022-03-12 00:00:00+00:00, 2022-03-12 23:59:59+00:00] for the time dimension exceed the dataset coordinates [2022-06-01 00:00:00+00:00, 2026-03-24 00:00:00+00:00]
[Oxygen] Fetching for 2022-03-12...
[Oxygen] Saved to data\2022-03-12\oxygen_raw.nc
[Hotspots] Building blue marlin habitat suitability...
[Hotspots] No SST data — skipping
  -> Scoring returned None

============================================================
[2/18] 2023-02-25
============================================================
[SST] Fetching observation L4 for 2023-02-25...
  [SST] Error: Some of your subset selection [2023-02-25 00:00:00+00:00, 2023-02-25 23:59:59+00:00] for the time dimension exceed the dataset coordinates [2024-01-17 00:00:00+00:00, 2026-03-14 00:00:00+00:00]
[Currents] Fetching model 0.083deg for 2023-02-25...
[Currents] Saved model 0.083deg to data\2023-02-25\currents_raw.nc
[Chlorophyll] Fetching observation L4 for 2023-02-25...
[Chlorophyll] Observation unavailable (Some of your subset selection [2023-02-25 00:00:00+00:00, 20), falling back to model...
[Chlorophyll] Saved model fallback to data\2023-02-25\chl_raw.nc
[Water Clarity] Fetching KD490 for 2023-02-25...
[Water Clarity] 2023-02-25 not available, trying earlier...
[Water Clarity] Fetching KD490 for 2023-02-24...
[Water Clarity] 2023-02-24 not available, trying earlier...
[Water Clarity] Fetching KD490 for 2023-02-23...
[Water Clarity] 2023-02-23 not available, trying earlier...
[Water Clarity] Fetching KD490 for 2023-02-22...
[Water Clarity] 2023-02-22 not available, trying earlier...
[Water Clarity] Fetching KD490 for 2023-02-21...
[Water Clarity] 2023-02-21 not available, trying earlier...
[Water Clarity] Fetching KD490 for 2023-02-20...
  [KD490] Error: Some of your subset selection [2023-02-20 00:00:00+00:00, 2023-02-20 23:59:59+00:00] for the time dimension exceed the dataset coordinates [2026-02-27 00:00:00+00:00, 2026-03-13 00:00:00+00:00]
[SSH/Eddies] Fetching SLA for 2023-02-25...
[SSH/Eddies] 2023-02-25 not available, trying earlier...
[SSH/Eddies] Fetching SLA for 2023-02-24...
[SSH/Eddies] 2023-02-24 not available, trying earlier...
[SSH/Eddies] Fetching SLA for 2023-02-23...
[SSH/Eddies] 2023-02-23 not available, trying earlier...
[SSH/Eddies] Fetching SLA for 2023-02-22...
[SSH/Eddies] 2023-02-22 not available, trying earlier...
[SSH/Eddies] Fetching SLA for 2023-02-21...
[SSH/Eddies] 2023-02-21 not available, trying earlier...
[SSH/Eddies] Fetching SLA for 2023-02-20...
[SSH/Eddies] 2023-02-20 not available, trying earlier...
[SSH/Eddies] Fetching SLA for 2023-02-19...
[SSH/Eddies] 2023-02-19 not available, trying earlier...
[SSH/Eddies] Fetching SLA for 2023-02-18...
  [SSH] Error: Some of your subset selection [2023-02-18 00:00:00+00:00, 2023-02-18 23:59:59+00:00] for the time dimension exceed the dataset coordinates [2024-07-01 00:00:00+00:00, 2026-03-15 00:00:00+00:00]
[MLD] Fetching for 2023-02-25...
[MLD] Saved to data\2023-02-25\mld_raw.nc
[Oxygen] Fetching for 2023-02-25...
[Oxygen] Saved to data\2023-02-25\oxygen_raw.nc
[Hotspots] Building blue marlin habitat suitability...
[Hotspots] No SST data — skipping
  -> Scoring returned None

============================================================
[3/18] 2023-02-26
============================================================
[SST] Fetching observation L4 for 2023-02-26...
  [SST] Error: Some of your subset selection [2023-02-26 00:00:00+00:00, 2023-02-26 23:59:59+00:00] for the time dimension exceed the dataset coordinates [2024-01-17 00:00:00+00:00, 2026-03-14 00:00:00+00:00]
[Currents] Fetching model 0.083deg for 2023-02-26...
[Currents] Saved model 0.083deg to data\2023-02-26\currents_raw.nc
[Chlorophyll] Fetching observation L4 for 2023-02-26...
[Chlorophyll] Observation unavailable (Some of your subset selection [2023-02-26 00:00:00+00:00, 20), falling back to model...
[Chlorophyll] Saved model fallback to data\2023-02-26\chl_raw.nc
[Water Clarity] Fetching KD490 for 2023-02-26...
[Water Clarity] 2023-02-26 not available, trying earlier...
[Water Clarity] Fetching KD490 for 2023-02-25...
[Water Clarity] 2023-02-25 not available, trying earlier...
[Water Clarity] Fetching KD490 for 2023-02-24...
[Water Clarity] 2023-02-24 not available, trying earlier...
[Water Clarity] Fetching KD490 for 2023-02-23...
[Water Clarity] 2023-02-23 not available, trying earlier...
[Water Clarity] Fetching KD490 for 2023-02-22...
[Water Clarity] 2023-02-22 not available, trying earlier...
[Water Clarity] Fetching KD490 for 2023-02-21...
  [KD490] Error: Some of your subset selection [2023-02-21 00:00:00+00:00, 2023-02-21 23:59:59+00:00] for the time dimension exceed the dataset coordinates [2026-02-27 00:00:00+00:00, 2026-03-13 00:00:00+00:00]
[SSH/Eddies] Fetching SLA for 2023-02-26...
[SSH/Eddies] 2023-02-26 not available, trying earlier...
[SSH/Eddies] Fetching SLA for 2023-02-25...
[SSH/Eddies] 2023-02-25 not available, trying earlier...
[SSH/Eddies] Fetching SLA for 2023-02-24...
[SSH/Eddies] 2023-02-24 not available, trying earlier...
[SSH/Eddies] Fetching SLA for 2023-02-23...
[SSH/Eddies] 2023-02-23 not available, trying earlier...
[SSH/Eddies] Fetching SLA for 2023-02-22...
[SSH/Eddies] 2023-02-22 not available, trying earlier...
[SSH/Eddies] Fetching SLA for 2023-02-21...
[SSH/Eddies] 2023-02-21 not available, trying earlier...INFO - 2026-03-15T09:54:34Z - Selected dataset version: "202506"
INFO - 2026-03-15T09:54:34Z - Selected dataset part: "default"
INFO - 2026-03-15T09:54:40Z - Selected dataset version: "202506"
INFO - 2026-03-15T09:54:40Z - Selected dataset part: "default"
INFO - 2026-03-15T09:54:45Z - Selected dataset version: "202406"
INFO - 2026-03-15T09:54:45Z - Selected dataset part: "default"
INFO - 2026-03-15T09:54:58Z - Selected dataset version: "202311"
INFO - 2026-03-15T09:54:58Z - Selected dataset part: "default"
INFO - 2026-03-15T09:55:10Z - Selected dataset version: "default"
INFO - 2026-03-15T09:55:10Z - Selected dataset part: "default"
INFO - 2026-03-15T09:55:15Z - Selected dataset version: "202406"
INFO - 2026-03-15T09:55:15Z - Selected dataset part: "default"
WARNING - 2026-03-15T09:55:15Z - Some of your subset selection [0.0, 1.0] for the depth dimension exceed the dataset coordinates [0.49402499198913574, 5727.9169921875]
INFO - 2026-03-15T09:55:28Z - Selected dataset version: "202311"
INFO - 2026-03-15T09:55:28Z - Selected dataset part: "default"
INFO - 2026-03-15T09:55:34Z - Selected dataset version: "202311"
INFO - 2026-03-15T09:55:34Z - Selected dataset part: "default"
WARNING - 2026-03-15T09:55:34Z - Some of your subset selection [0.0, 1.0] for the depth dimension exceed the dataset coordinates [0.4940253794193268, 5727.91650390625]
INFO - 2026-03-15T09:55:45Z - Selected dataset version: "202311"
INFO - 2026-03-15T09:55:45Z - Selected dataset part: "default"
INFO - 2026-03-15T09:55:51Z - Selected dataset version: "202311"
INFO - 2026-03-15T09:55:51Z - Selected dataset part: "default"
INFO - 2026-03-15T09:55:57Z - Selected dataset version: "202311"
INFO - 2026-03-15T09:55:57Z - Selected dataset part: "default"
INFO - 2026-03-15T09:56:02Z - Selected dataset version: "202311"
INFO - 2026-03-15T09:56:02Z - Selected dataset part: "default"
INFO - 2026-03-15T09:56:08Z - Selected dataset version: "202311"
INFO - 2026-03-15T09:56:08Z - Selected dataset part: "default"
INFO - 2026-03-15T09:56:13Z - Selected dataset version: "202311"
INFO - 2026-03-15T09:56:13Z - Selected dataset part: "default"
INFO - 2026-03-15T09:56:19Z - Selected dataset version: "202506"
INFO - 2026-03-15T09:56:19Z - Selected dataset part: "default"
INFO - 2026-03-15T09:56:25Z - Selected dataset version: "202506"
INFO - 2026-03-15T09:56:25Z - Selected dataset part: "default"
INFO - 2026-03-15T09:56:30Z - Selected dataset version: "202506"
INFO - 2026-03-15T09:56:30Z - Selected dataset part: "default"
INFO - 2026-03-15T09:56:35Z - Selected dataset version: "202506"
INFO - 2026-03-15T09:56:35Z - Selected dataset part: "default"
INFO - 2026-03-15T09:56:40Z - Selected dataset version: "202506"
INFO - 2026-03-15T09:56:40Z - Selected dataset part: "default"
INFO - 2026-03-15T09:56:46Z - Selected dataset version: "202506"
INFO - 2026-03-15T09:56:46Z - Selected dataset part: "default"
INFO - 2026-03-15T09:56:51Z - Selected dataset version: "202506"
INFO - 2026-03-15T09:56:51Z - Selected dataset part: "default"
INFO - 2026-03-15T09:56:57Z - Selected dataset version: "202506"
INFO - 2026-03-15T09:56:57Z - Selected dataset part: "default"
INFO - 2026-03-15T09:57:02Z - Selected dataset version: "202406"
INFO - 2026-03-15T09:57:02Z - Selected dataset part: "default"
INFO - 2026-03-15T09:57:15Z - Selected dataset version: "202311"
INFO - 2026-03-15T09:57:15Z - Selected dataset part: "default"
INFO - 2026-03-15T09:57:27Z - Selected dataset version: "default"
INFO - 2026-03-15T09:57:27Z - Selected dataset part: "default"
INFO - 2026-03-15T09:57:33Z - Selected dataset version: "202406"
INFO - 2026-03-15T09:57:33Z - Selected dataset part: "default"
WARNING - 2026-03-15T09:57:33Z - Some of your subset selection [0.0, 1.0] for the depth dimension exceed the dataset coordinates [0.49402499198913574, 5727.9169921875]
INFO - 2026-03-15T09:57:45Z - Selected dataset version: "202311"
INFO - 2026-03-15T09:57:45Z - Selected dataset part: "default"
INFO - 2026-03-15T09:57:51Z - Selected dataset version: "202311"
INFO - 2026-03-15T09:57:51Z - Selected dataset part: "default"
WARNING - 2026-03-15T09:57:51Z - Some of your subset selection [0.0, 1.0] for the depth dimension exceed the dataset coordinates [0.4940253794193268, 5727.91650390625]
INFO - 2026-03-15T09:58:04Z - Selected dataset version: "202311"
INFO - 2026-03-15T09:58:04Z - Selected dataset part: "default"
INFO - 2026-03-15T09:58:09Z - Selected dataset version: "202311"
INFO - 2026-03-15T09:58:09Z - Selected dataset part: "default"
INFO - 2026-03-15T09:58:14Z - Selected dataset version: "202311"
INFO - 2026-03-15T09:58:14Z - Selected dataset part: "default"
INFO - 2026-03-15T09:58:19Z - Selected dataset version: "202311"
INFO - 2026-03-15T09:58:19Z - Selected dataset part: "default"
INFO - 2026-03-15T09:58:24Z - Selected dataset version: "202311"
INFO - 2026-03-15T09:58:24Z - Selected dataset part: "default"
INFO - 2026-03-15T09:58:30Z - Selected dataset version: "202311"
INFO - 2026-03-15T09:58:30Z - Selected dataset part: "default"
INFO - 2026-03-15T09:58:36Z - Selected dataset version: "202506"
INFO - 2026-03-15T09:58:36Z - Selected dataset part: "default"
INFO - 2026-03-15T09:58:41Z - Selected dataset version: "202506"
INFO - 2026-03-15T09:58:41Z - Selected dataset part: "default"
INFO - 2026-03-15T09:58:46Z - Selected dataset version: "202506"
INFO - 2026-03-15T09:58:46Z - Selected dataset part: "default"
INFO - 2026-03-15T09:58:52Z - Selected dataset version: "202506"
INFO - 2026-03-15T09:58:52Z - Selected dataset part: "default"
INFO - 2026-03-15T09:58:57Z - Selected dataset version: "202506"
INFO - 2026-03-15T09:58:57Z - Selected dataset part: "default"
INFO - 2026-03-15T09:59:02Z - Selected dataset version: "202506"
INFO - 2026-03-15T09:59:02Z - Selected dataset part: "default"
INFO - 2026-03-15T09:59:07Z - Selected dataset version: "202506"
INFO - 2026-03-15T09:59:07Z - Selected dataset part: "default"
INFO - 2026-03-15T09:59:13Z - Selected dataset version: "202506"
INFO - 2026-03-15T09:59:13Z - Selected dataset part: "default"
INFO - 2026-03-15T09:59:19Z - Selected dataset version: "202406"
INFO - 2026-03-15T09:59:19Z - Selected dataset part: "default"
INFO - 2026-03-15T09:59:31Z - Selected dataset version: "202311"
INFO - 2026-03-15T09:59:31Z - Selected dataset part: "default"
INFO - 2026-03-15T09:59:42Z - Selected dataset version: "default"
INFO - 2026-03-15T09:59:42Z - Selected dataset part: "default"
INFO - 2026-03-15T09:59:48Z - Selected dataset version: "202406"
INFO - 2026-03-15T09:59:48Z - Selected dataset part: "default"
WARNING - 2026-03-15T09:59:48Z - Some of your subset selection [0.0, 1.0] for the depth dimension exceed the dataset coordinates [0.49402499198913574, 5727.9169921875]
INFO - 2026-03-15T10:00:01Z - Selected dataset version: "202311"
INFO - 2026-03-15T10:00:01Z - Selected dataset part: "default"
INFO - 2026-03-15T10:00:06Z - Selected dataset version: "202311"
INFO - 2026-03-15T10:00:06Z - Selected dataset part: "default"
WARNING - 2026-03-15T10:00:06Z - Some of your subset selection [0.0, 1.0] for the depth dimension exceed the dataset coordinates [0.4940253794193268, 5727.91650390625]
INFO - 2026-03-15T10:00:18Z - Selected dataset version: "202311"
INFO - 2026-03-15T10:00:18Z - Selected dataset part: "default"
INFO - 2026-03-15T10:00:24Z - Selected dataset version: "202311"
INFO - 2026-03-15T10:00:24Z - Selected dataset part: "default"
INFO - 2026-03-15T10:00:29Z - Selected dataset version: "202311"
INFO - 2026-03-15T10:00:29Z - Selected dataset part: "default"
INFO - 2026-03-15T10:00:35Z - Selected dataset version: "202311"
INFO - 2026-03-15T10:00:35Z - Selected dataset part: "default"
INFO - 2026-03-15T10:00:40Z - Selected dataset version: "202311"
INFO - 2026-03-15T10:00:40Z - Selected dataset part: "default"
INFO - 2026-03-15T10:00:46Z - Selected dataset version: "202311"
INFO - 2026-03-15T10:00:46Z - Selected dataset part: "default"
INFO - 2026-03-15T10:00:51Z - Selected dataset version: "202506"
INFO - 2026-03-15T10:00:51Z - Selected dataset part: "default"
INFO - 2026-03-15T10:00:57Z - Selected dataset version: "202506"
INFO - 2026-03-15T10:00:57Z - Selected dataset part: "default"
INFO - 2026-03-15T10:01:03Z - Selected dataset version: "202506"
INFO - 2026-03-15T10:01:03Z - Selected dataset part: "default"

[SSH/Eddies] Fetching SLA for 2023-02-20...
[SSH/Eddies] 2023-02-20 not available, trying earlier...
[SSH/Eddies] Fetching SLA for 2023-02-19...
  [SSH] Error: Some of your subset selection [2023-02-19 00:00:00+00:00, 2023-02-19 23:59:59+00:00] for the time dimension exceed the dataset coordinates [2024-07-01 00:00:00+00:00, 2026-03-15 00:00:00+00:00]
[MLD] Fetching for 2023-02-26...
[MLD] Saved to data\2023-02-26\mld_raw.nc
[Oxygen] Fetching for 2023-02-26...
[Oxygen] Saved to data\2023-02-26\oxygen_raw.nc
[Hotspots] Building blue marlin habitat suitability...
[Hotspots] No SST data — skipping
  -> Scoring returned None

============================================================
[4/18] 2023-03-18
============================================================
[SST] Fetching observation L4 for 2023-03-18...
  [SST] Error: Some of your subset selection [2023-03-18 00:00:00+00:00, 2023-03-18 23:59:59+00:00] for the time dimension exceed the dataset coordinates [2024-01-17 00:00:00+00:00, 2026-03-14 00:00:00+00:00]
[Currents] Fetching model 0.083deg for 2023-03-18...
[Currents] Saved model 0.083deg to data\2023-03-18\currents_raw.nc
[Chlorophyll] Fetching observation L4 for 2023-03-18...
[Chlorophyll] Observation unavailable (Some of your subset selection [2023-03-18 00:00:00+00:00, 20), falling back to model...
[Chlorophyll] Saved model fallback to data\2023-03-18\chl_raw.nc
[Water Clarity] Fetching KD490 for 2023-03-18...
[Water Clarity] 2023-03-18 not available, trying earlier...
[Water Clarity] Fetching KD490 for 2023-03-17...
[Water Clarity] 2023-03-17 not available, trying earlier...
[Water Clarity] Fetching KD490 for 2023-03-16...
[Water Clarity] 2023-03-16 not available, trying earlier...
[Water Clarity] Fetching KD490 for 2023-03-15...
[Water Clarity] 2023-03-15 not available, trying earlier...
[Water Clarity] Fetching KD490 for 2023-03-14...
[Water Clarity] 2023-03-14 not available, trying earlier...
[Water Clarity] Fetching KD490 for 2023-03-13...
  [KD490] Error: Some of your subset selection [2023-03-13 00:00:00+00:00, 2023-03-13 23:59:59+00:00] for the time dimension exceed the dataset coordinates [2026-02-27 00:00:00+00:00, 2026-03-13 00:00:00+00:00]
[SSH/Eddies] Fetching SLA for 2023-03-18...
[SSH/Eddies] 2023-03-18 not available, trying earlier...
[SSH/Eddies] Fetching SLA for 2023-03-17...
[SSH/Eddies] 2023-03-17 not available, trying earlier...
[SSH/Eddies] Fetching SLA for 2023-03-16...
[SSH/Eddies] 2023-03-16 not available, trying earlier...
[SSH/Eddies] Fetching SLA for 2023-03-15...
[SSH/Eddies] 2023-03-15 not available, trying earlier...
[SSH/Eddies] Fetching SLA for 2023-03-14...
[SSH/Eddies] 2023-03-14 not available, trying earlier...
[SSH/Eddies] Fetching SLA for 2023-03-13...
[SSH/Eddies] 2023-03-13 not available, trying earlier...
[SSH/Eddies] Fetching SLA for 2023-03-12...
[SSH/Eddies] 2023-03-12 not available, trying earlier...
[SSH/Eddies] Fetching SLA for 2023-03-11...
  [SSH] Error: Some of your subset selection [2023-03-11 00:00:00+00:00, 2023-03-11 23:59:59+00:00] for the time dimension exceed the dataset coordinates [2024-07-01 00:00:00+00:00, 2026-03-15 00:00:00+00:00]
[MLD] Fetching for 2023-03-18...
[MLD] Saved to data\2023-03-18\mld_raw.nc
[Oxygen] Fetching for 2023-03-18...
[Oxygen] Saved to data\2023-03-18\oxygen_raw.nc
[Hotspots] Building blue marlin habitat suitability...
[Hotspots] No SST data — skipping
  -> Scoring returned None

============================================================
[5/18] 2023-03-21
============================================================
[SST] Fetching observation L4 for 2023-03-21...
  [SST] Error: Some of your subset selection [2023-03-21 00:00:00+00:00, 2023-03-21 23:59:59+00:00] for the time dimension exceed the dataset coordinates [2024-01-17 00:00:00+00:00, 2026-03-14 00:00:00+00:00]
[Currents] Fetching model 0.083deg for 2023-03-21...
[Currents] Saved model 0.083deg to data\2023-03-21\currents_raw.nc
[Chlorophyll] Fetching observation L4 for 2023-03-21...
[Chlorophyll] Observation unavailable (Some of your subset selection [2023-03-21 00:00:00+00:00, 20), falling back to model...
[Chlorophyll] Saved model fallback to data\2023-03-21\chl_raw.nc
[Water Clarity] Fetching KD490 for 2023-03-21...
[Water Clarity] 2023-03-21 not available, trying earlier...
[Water Clarity] Fetching KD490 for 2023-03-20...
[Water Clarity] 2023-03-20 not available, trying earlier...
[Water Clarity] Fetching KD490 for 2023-03-19...
[Water Clarity] 2023-03-19 not available, trying earlier...
[Water Clarity] Fetching KD490 for 2023-03-18...
[Water Clarity] 2023-03-18 not available, trying earlier...
[Water Clarity] Fetching KD490 for 2023-03-17...
[Water Clarity] 2023-03-17 not available, trying earlier...
[Water Clarity] Fetching KD490 for 2023-03-16...
  [KD490] Error: Some of your subset selection [2023-03-16 00:00:00+00:00, 2023-03-16 23:59:59+00:00] for the time dimension exceed the dataset coordinates [2026-02-27 00:00:00+00:00, 2026-03-13 00:00:00+00:00]
[SSH/Eddies] Fetching SLA for 2023-03-21...
[SSH/Eddies] 2023-03-21 not available, trying earlier...
[SSH/Eddies] Fetching SLA for 2023-03-20...
[SSH/Eddies] 2023-03-20 not available, trying earlier...
[SSH/Eddies] Fetching SLA for 2023-03-19...
[SSH/Eddies] 2023-03-19 not available, trying earlier...
[SSH/Eddies] Fetching SLA for 2023-03-18...
[SSH/Eddies] 2023-03-18 not available, trying earlier...
[SSH/Eddies] Fetching SLA for 2023-03-17...
[SSH/Eddies] 2023-03-17 not available, trying earlier...
[SSH/Eddies] Fetching SLA for 2023-03-16...
[SSH/Eddies] 2023-03-16 not available, trying earlier...
[SSH/Eddies] Fetching SLA for 2023-03-15...
[SSH/Eddies] 2023-03-15 not available, trying earlier...
[SSH/Eddies] Fetching SLA for 2023-03-14...
  [SSH] Error: Some of your subset selection [2023-03-14 00:00:00+00:00, 2023-03-14 23:59:59+00:00] for the time dimension exceed the dataset coordinates [2024-07-01 00:00:00+00:00, 2026-03-15 00:00:00+00:00]
[MLD] Fetching for 2023-03-21...
[MLD] Saved to data\2023-03-21\mld_raw.nc
[Oxygen] Fetching for 2023-03-21...
[Oxygen] Saved to data\2023-03-21\oxygen_raw.nc
[Hotspots] Building blue marlin habitat suitability...
[Hotspots] No SST data — skipping
  -> Scoring returned None

============================================================
[6/18] 2024-01-07
============================================================
[SST] Fetching observation L4 for 2024-01-07...
  [SST] Error: Some of your subset selection [2024-01-07 00:00:00+00:00, 2024-01-07 23:59:59+00:00] for the time dimension exceed the dataset coordinates [2024-01-17 00:00:00+00:00, 2026-03-14 00:00:00+00:00]
[Currents] Fetching model 0.083deg for 2024-01-07...
[Currents] Saved model 0.083deg to data\2024-01-07\currents_raw.nc
[Chlorophyll] Fetching observation L4 for 2024-01-07...
[Chlorophyll] Observation unavailable (Some of your subset selection [2024-01-07 00:00:00+00:00, 20), falling back to model...
[Chlorophyll] Saved model fallback to data\2024-01-07\chl_raw.nc
[Water Clarity] Fetching KD490 for 2024-01-07...
[Water Clarity] 2024-01-07 not available, trying earlier...
[Water Clarity] Fetching KD490 for 2024-01-06...
[Water Clarity] 2024-01-06 not available, trying earlier...
[Water Clarity] Fetching KD490 for 2024-01-05...
[Water Clarity] 2024-01-05 not available, trying earlier...
[Water Clarity] Fetching KD490 for 2024-01-04...
[Water Clarity] 2024-01-04 not available, trying earlier...
[Water Clarity] Fetching KD490 for 2024-01-03...
[Water Clarity] 2024-01-03 not available, trying earlier...
[Water Clarity] Fetching KD490 for 2024-01-02...
  [KD490] Error: Some of your subset selection [2024-01-02 00:00:00+00:00, 2024-01-02 23:59:59+00:00] for the time dimension exceed the dataset coordinates [2026-02-27 00:00:00+00:00, 2026-03-13 00:00:00+00:00]
[SSH/Eddies] Fetching SLA for 2024-01-07...
[SSH/Eddies] 2024-01-07 not available, trying earlier...
[SSH/Eddies] Fetching SLA for 2024-01-06...
[SSH/Eddies] 2024-01-06 not available, trying earlier...
[SSH/Eddies] Fetching SLA for 2024-01-05...
[SSH/Eddies] 2024-01-05 not available, trying earlier...INFO - 2026-03-15T10:01:08Z - Selected dataset version: "202506"
INFO - 2026-03-15T10:01:08Z - Selected dataset part: "default"
INFO - 2026-03-15T10:01:23Z - Selected dataset version: "202506"
INFO - 2026-03-15T10:01:23Z - Selected dataset part: "default"
INFO - 2026-03-15T10:01:29Z - Selected dataset version: "202506"
INFO - 2026-03-15T10:01:29Z - Selected dataset part: "default"
INFO - 2026-03-15T10:01:34Z - Selected dataset version: "202506"
INFO - 2026-03-15T10:01:34Z - Selected dataset part: "default"
INFO - 2026-03-15T10:01:40Z - Selected dataset version: "202506"
INFO - 2026-03-15T10:01:40Z - Selected dataset part: "default"
INFO - 2026-03-15T10:01:45Z - Selected dataset version: "202406"
INFO - 2026-03-15T10:01:45Z - Selected dataset part: "default"
INFO - 2026-03-15T10:01:58Z - Selected dataset version: "202311"
INFO - 2026-03-15T10:01:58Z - Selected dataset part: "default"
INFO - 2026-03-15T10:02:10Z - Selected dataset version: "default"
INFO - 2026-03-15T10:02:10Z - Selected dataset part: "default"
INFO - 2026-03-15T10:02:22Z - Selected dataset version: "202406"
INFO - 2026-03-15T10:02:22Z - Selected dataset part: "default"
WARNING - 2026-03-15T10:02:22Z - Some of your subset selection [0.0, 1.0] for the depth dimension exceed the dataset coordinates [0.49402499198913574, 5727.9169921875]
INFO - 2026-03-15T10:02:36Z - Selected dataset version: "202311"
INFO - 2026-03-15T10:02:36Z - Selected dataset part: "default"
INFO - 2026-03-15T10:02:41Z - Selected dataset version: "202311"
INFO - 2026-03-15T10:02:41Z - Selected dataset part: "default"
WARNING - 2026-03-15T10:02:41Z - Some of your subset selection [0.0, 1.0] for the depth dimension exceed the dataset coordinates [0.4940253794193268, 5727.91650390625]
INFO - 2026-03-15T10:02:53Z - Selected dataset version: "202311"
INFO - 2026-03-15T10:02:53Z - Selected dataset part: "default"
INFO - 2026-03-15T10:02:58Z - Selected dataset version: "202311"
INFO - 2026-03-15T10:02:58Z - Selected dataset part: "default"
INFO - 2026-03-15T10:03:04Z - Selected dataset version: "202311"
INFO - 2026-03-15T10:03:04Z - Selected dataset part: "default"
INFO - 2026-03-15T10:03:09Z - Selected dataset version: "202311"
INFO - 2026-03-15T10:03:09Z - Selected dataset part: "default"
INFO - 2026-03-15T10:03:14Z - Selected dataset version: "202311"
INFO - 2026-03-15T10:03:14Z - Selected dataset part: "default"
INFO - 2026-03-15T10:03:20Z - Selected dataset version: "202311"
INFO - 2026-03-15T10:03:20Z - Selected dataset part: "default"
INFO - 2026-03-15T10:03:26Z - Selected dataset version: "202506"
INFO - 2026-03-15T10:03:26Z - Selected dataset part: "default"
INFO - 2026-03-15T10:03:31Z - Selected dataset version: "202506"
INFO - 2026-03-15T10:03:31Z - Selected dataset part: "default"
INFO - 2026-03-15T10:03:36Z - Selected dataset version: "202506"
INFO - 2026-03-15T10:03:36Z - Selected dataset part: "default"
INFO - 2026-03-15T10:03:42Z - Selected dataset version: "202506"
INFO - 2026-03-15T10:03:42Z - Selected dataset part: "default"
INFO - 2026-03-15T10:03:48Z - Selected dataset version: "202506"
INFO - 2026-03-15T10:03:48Z - Selected dataset part: "default"
INFO - 2026-03-15T10:03:53Z - Selected dataset version: "202506"
INFO - 2026-03-15T10:03:53Z - Selected dataset part: "default"
INFO - 2026-03-15T10:03:58Z - Selected dataset version: "202506"
INFO - 2026-03-15T10:03:58Z - Selected dataset part: "default"
INFO - 2026-03-15T10:04:04Z - Selected dataset version: "202506"
INFO - 2026-03-15T10:04:04Z - Selected dataset part: "default"
INFO - 2026-03-15T10:04:09Z - Selected dataset version: "202406"
INFO - 2026-03-15T10:04:09Z - Selected dataset part: "default"
INFO - 2026-03-15T10:04:22Z - Selected dataset version: "202311"
INFO - 2026-03-15T10:04:22Z - Selected dataset part: "default"
INFO - 2026-03-15T10:04:36Z - Selected dataset version: "default"
INFO - 2026-03-15T10:04:36Z - Selected dataset part: "default"
INFO - 2026-03-15T10:04:47Z - Selected dataset version: "202406"
INFO - 2026-03-15T10:04:47Z - Selected dataset part: "default"
WARNING - 2026-03-15T10:04:47Z - Some of your subset selection [0.0, 1.0] for the depth dimension exceed the dataset coordinates [0.49402499198913574, 5727.9169921875]
INFO - 2026-03-15T10:05:00Z - Selected dataset version: "202311"
INFO - 2026-03-15T10:05:00Z - Selected dataset part: "default"
INFO - 2026-03-15T10:05:05Z - Selected dataset version: "202311"
INFO - 2026-03-15T10:05:05Z - Selected dataset part: "default"
WARNING - 2026-03-15T10:05:05Z - Some of your subset selection [0.0, 1.0] for the depth dimension exceed the dataset coordinates [0.4940253794193268, 5727.91650390625]
INFO - 2026-03-15T10:05:18Z - Selected dataset version: "202311"
INFO - 2026-03-15T10:05:18Z - Selected dataset part: "default"
INFO - 2026-03-15T10:05:23Z - Selected dataset version: "202311"
INFO - 2026-03-15T10:05:23Z - Selected dataset part: "default"
INFO - 2026-03-15T10:05:29Z - Selected dataset version: "202311"
INFO - 2026-03-15T10:05:29Z - Selected dataset part: "default"
INFO - 2026-03-15T10:05:34Z - Selected dataset version: "202311"
INFO - 2026-03-15T10:05:34Z - Selected dataset part: "default"
INFO - 2026-03-15T10:05:39Z - Selected dataset version: "202311"
INFO - 2026-03-15T10:05:39Z - Selected dataset part: "default"
INFO - 2026-03-15T10:05:45Z - Selected dataset version: "202311"
INFO - 2026-03-15T10:05:45Z - Selected dataset part: "default"
INFO - 2026-03-15T10:05:50Z - Selected dataset version: "202506"
INFO - 2026-03-15T10:05:50Z - Selected dataset part: "default"
INFO - 2026-03-15T10:05:55Z - Selected dataset version: "202506"
INFO - 2026-03-15T10:05:55Z - Selected dataset part: "default"
INFO - 2026-03-15T10:06:00Z - Selected dataset version: "202506"
INFO - 2026-03-15T10:06:00Z - Selected dataset part: "default"
INFO - 2026-03-15T10:06:06Z - Selected dataset version: "202506"
INFO - 2026-03-15T10:06:06Z - Selected dataset part: "default"
INFO - 2026-03-15T10:06:12Z - Selected dataset version: "202506"
INFO - 2026-03-15T10:06:12Z - Selected dataset part: "default"
INFO - 2026-03-15T10:06:17Z - Selected dataset version: "202506"
INFO - 2026-03-15T10:06:17Z - Selected dataset part: "default"
INFO - 2026-03-15T10:06:23Z - Selected dataset version: "202506"
INFO - 2026-03-15T10:06:23Z - Selected dataset part: "default"
INFO - 2026-03-15T10:06:28Z - Selected dataset version: "202506"
INFO - 2026-03-15T10:06:28Z - Selected dataset part: "default"
INFO - 2026-03-15T10:06:34Z - Selected dataset version: "202406"
INFO - 2026-03-15T10:06:34Z - Selected dataset part: "default"
INFO - 2026-03-15T10:06:47Z - Selected dataset version: "202311"
INFO - 2026-03-15T10:06:47Z - Selected dataset part: "default"
INFO - 2026-03-15T10:06:59Z - Selected dataset version: "default"
INFO - 2026-03-15T10:06:59Z - Selected dataset part: "default"
INFO - 2026-03-15T10:07:12Z - Selected dataset version: "202406"
INFO - 2026-03-15T10:07:12Z - Selected dataset part: "default"
WARNING - 2026-03-15T10:07:12Z - Some of your subset selection [0.0, 1.0] for the depth dimension exceed the dataset coordinates [0.49402499198913574, 5727.9169921875]
INFO - 2026-03-15T10:07:24Z - Selected dataset version: "202311"
INFO - 2026-03-15T10:07:24Z - Selected dataset part: "default"
INFO - 2026-03-15T10:07:30Z - Selected dataset version: "202311"
INFO - 2026-03-15T10:07:30Z - Selected dataset part: "default"
WARNING - 2026-03-15T10:07:30Z - Some of your subset selection [0.0, 1.0] for the depth dimension exceed the dataset coordinates [0.4940253794193268, 5727.91650390625]
INFO - 2026-03-15T10:07:43Z - Selected dataset version: "202311"
INFO - 2026-03-15T10:07:43Z - Selected dataset part: "default"
INFO - 2026-03-15T10:07:48Z - Selected dataset version: "202311"
INFO - 2026-03-15T10:07:48Z - Selected dataset part: "default"
INFO - 2026-03-15T10:07:53Z - Selected dataset version: "202311"
INFO - 2026-03-15T10:07:53Z - Selected dataset part: "default"
INFO - 2026-03-15T10:07:59Z - Selected dataset version: "202311"
INFO - 2026-03-15T10:07:59Z - Selected dataset part: "default"
INFO - 2026-03-15T10:08:04Z - Selected dataset version: "202311"
INFO - 2026-03-15T10:08:04Z - Selected dataset part: "default"

[SSH/Eddies] Fetching SLA for 2024-01-04...
[SSH/Eddies] 2024-01-04 not available, trying earlier...
[SSH/Eddies] Fetching SLA for 2024-01-03...
[SSH/Eddies] 2024-01-03 not available, trying earlier...
[SSH/Eddies] Fetching SLA for 2024-01-02...
[SSH/Eddies] 2024-01-02 not available, trying earlier...
[SSH/Eddies] Fetching SLA for 2024-01-01...
[SSH/Eddies] 2024-01-01 not available, trying earlier...
[SSH/Eddies] Fetching SLA for 2023-12-31...
  [SSH] Error: Some of your subset selection [2023-12-31 00:00:00+00:00, 2023-12-31 23:59:59+00:00] for the time dimension exceed the dataset coordinates [2024-07-01 00:00:00+00:00, 2026-03-15 00:00:00+00:00]
[MLD] Fetching for 2024-01-07...
[MLD] Saved to data\2024-01-07\mld_raw.nc
[Oxygen] Fetching for 2024-01-07...
[Oxygen] Saved to data\2024-01-07\oxygen_raw.nc
[Hotspots] Building blue marlin habitat suitability...
[Hotspots] No SST data — skipping
  -> Scoring returned None

============================================================
[7/18] 2024-01-20
============================================================
[SST] Fetching observation L4 for 2024-01-20...
[SST] Saved to data\2024-01-20\sst_raw.nc
[Currents] Fetching model 0.083deg for 2024-01-20...
[Currents] Saved model 0.083deg to data\2024-01-20\currents_raw.nc
[Chlorophyll] Fetching observation L4 for 2024-01-20...
[Chlorophyll] Observation unavailable (Some of your subset selection [2024-01-20 00:00:00+00:00, 20), falling back to model...
[Chlorophyll] Saved model fallback to data\2024-01-20\chl_raw.nc
[Water Clarity] Fetching KD490 for 2024-01-20...
[Water Clarity] 2024-01-20 not available, trying earlier...
[Water Clarity] Fetching KD490 for 2024-01-19...
[Water Clarity] 2024-01-19 not available, trying earlier...
[Water Clarity] Fetching KD490 for 2024-01-18...
[Water Clarity] 2024-01-18 not available, trying earlier...
[Water Clarity] Fetching KD490 for 2024-01-17...
[Water Clarity] 2024-01-17 not available, trying earlier...
[Water Clarity] Fetching KD490 for 2024-01-16...
[Water Clarity] 2024-01-16 not available, trying earlier...
[Water Clarity] Fetching KD490 for 2024-01-15...
  [KD490] Error: Some of your subset selection [2024-01-15 00:00:00+00:00, 2024-01-15 23:59:59+00:00] for the time dimension exceed the dataset coordinates [2026-02-27 00:00:00+00:00, 2026-03-13 00:00:00+00:00]
[SSH/Eddies] Fetching SLA for 2024-01-20...
[SSH/Eddies] 2024-01-20 not available, trying earlier...
[SSH/Eddies] Fetching SLA for 2024-01-19...
[SSH/Eddies] 2024-01-19 not available, trying earlier...
[SSH/Eddies] Fetching SLA for 2024-01-18...
[SSH/Eddies] 2024-01-18 not available, trying earlier...
[SSH/Eddies] Fetching SLA for 2024-01-17...
[SSH/Eddies] 2024-01-17 not available, trying earlier...
[SSH/Eddies] Fetching SLA for 2024-01-16...
[SSH/Eddies] 2024-01-16 not available, trying earlier...
[SSH/Eddies] Fetching SLA for 2024-01-15...
[SSH/Eddies] 2024-01-15 not available, trying earlier...
[SSH/Eddies] Fetching SLA for 2024-01-14...
[SSH/Eddies] 2024-01-14 not available, trying earlier...
[SSH/Eddies] Fetching SLA for 2024-01-13...
  [SSH] Error: Some of your subset selection [2024-01-13 00:00:00+00:00, 2024-01-13 23:59:59+00:00] for the time dimension exceed the dataset coordinates [2024-07-01 00:00:00+00:00, 2026-03-15 00:00:00+00:00]
[MLD] Fetching for 2024-01-20...
[MLD] Saved to data\2024-01-20\mld_raw.nc
[Oxygen] Fetching for 2024-01-20...
[Oxygen] Saved to data\2024-01-20\oxygen_raw.nc
[Hotspots] Building blue marlin habitat suitability...
[Hotspots] Shelf break: 37% of cells >50% (applied as x1.0-1.5 multiplier)
[Hotspots] Current scoring: 83% favorable, upstream SST mean 22.7C
[Hotspots] Convergence scoring: 43% of cells have bait-concentrating flow
[Hotspots] Score range: 0.000 - 1.000 (mean 0.606)
[Depth mask] Built >100m ocean mask (1 polygons)
[Hotspots] 133 polygons across 8 bands ->data\2024-01-20\blue_marlin_hotspots.geojson
  -> Hotspots generated

============================================================
[8/18] 2024-02-01
============================================================
[SST] Fetching observation L4 for 2024-02-01...
[SST] Saved to data\2024-02-01\sst_raw.nc
[Currents] Fetching model 0.083deg for 2024-02-01...
[Currents] Saved model 0.083deg to data\2024-02-01\currents_raw.nc
[Chlorophyll] Fetching observation L4 for 2024-02-01...
[Chlorophyll] Observation unavailable (Some of your subset selection [2024-02-01 00:00:00+00:00, 20), falling back to model...
[Chlorophyll] Saved model fallback to data\2024-02-01\chl_raw.nc
[Water Clarity] Fetching KD490 for 2024-02-01...
[Water Clarity] 2024-02-01 not available, trying earlier...
[Water Clarity] Fetching KD490 for 2024-01-31...
[Water Clarity] 2024-01-31 not available, trying earlier...
[Water Clarity] Fetching KD490 for 2024-01-30...
[Water Clarity] 2024-01-30 not available, trying earlier...
[Water Clarity] Fetching KD490 for 2024-01-29...
[Water Clarity] 2024-01-29 not available, trying earlier...
[Water Clarity] Fetching KD490 for 2024-01-28...
[Water Clarity] 2024-01-28 not available, trying earlier...
[Water Clarity] Fetching KD490 for 2024-01-27...
  [KD490] Error: Some of your subset selection [2024-01-27 00:00:00+00:00, 2024-01-27 23:59:59+00:00] for the time dimension exceed the dataset coordinates [2026-02-27 00:00:00+00:00, 2026-03-13 00:00:00+00:00]
[SSH/Eddies] Fetching SLA for 2024-02-01...
[SSH/Eddies] 2024-02-01 not available, trying earlier...
[SSH/Eddies] Fetching SLA for 2024-01-31...
[SSH/Eddies] 2024-01-31 not available, trying earlier...
[SSH/Eddies] Fetching SLA for 2024-01-30...
[SSH/Eddies] 2024-01-30 not available, trying earlier...
[SSH/Eddies] Fetching SLA for 2024-01-29...
[SSH/Eddies] 2024-01-29 not available, trying earlier...
[SSH/Eddies] Fetching SLA for 2024-01-28...
[SSH/Eddies] 2024-01-28 not available, trying earlier...
[SSH/Eddies] Fetching SLA for 2024-01-27...
[SSH/Eddies] 2024-01-27 not available, trying earlier...
[SSH/Eddies] Fetching SLA for 2024-01-26...
[SSH/Eddies] 2024-01-26 not available, trying earlier...
[SSH/Eddies] Fetching SLA for 2024-01-25...
  [SSH] Error: Some of your subset selection [2024-01-25 00:00:00+00:00, 2024-01-25 23:59:59+00:00] for the time dimension exceed the dataset coordinates [2024-07-01 00:00:00+00:00, 2026-03-15 00:00:00+00:00]
[MLD] Fetching for 2024-02-01...
[MLD] Saved to data\2024-02-01\mld_raw.nc
[Oxygen] Fetching for 2024-02-01...
[Oxygen] Saved to data\2024-02-01\oxygen_raw.nc
[Hotspots] Building blue marlin habitat suitability...
[Hotspots] Shelf break: 37% of cells >50% (applied as x1.0-1.5 multiplier)
[Hotspots] Current scoring: 44% favorable, upstream SST mean 22.5C
[Hotspots] Convergence scoring: 42% of cells have bait-concentrating flow
[Hotspots] Score range: 0.000 - 0.999 (mean 0.575)
[Depth mask] Built >100m ocean mask (1 polygons)
[Hotspots] 118 polygons across 8 bands ->data\2024-02-01\blue_marlin_hotspots.geojson
  -> Hotspots generated

============================================================
[9/18] 2024-02-16
============================================================
[SST] Fetching observation L4 for 2024-02-16...
[SST] Saved to data\2024-02-16\sst_raw.nc
[Currents] Fetching model 0.083deg for 2024-02-16...
[Currents] Saved model 0.083deg to data\2024-02-16\currents_raw.nc
[Chlorophyll] Fetching observation L4 for 2024-02-16...
[Chlorophyll] Observation unavailable (Some of your subset selection [2024-02-16 00:00:00+00:00, 20), falling back to model...
[Chlorophyll] Saved model fallback to data\2024-02-16\chl_raw.nc
[Water Clarity] Fetching KD490 for 2024-02-16...
[Water Clarity] 2024-02-16 not available, trying earlier...
[Water Clarity] Fetching KD490 for 2024-02-15...
[Water Clarity] 2024-02-15 not available, trying earlier...
[Water Clarity] Fetching KD490 for 2024-02-14...
[Water Clarity] 2024-02-14 not available, trying earlier...
[Water Clarity] Fetching KD490 for 2024-02-13...
[Water Clarity] 2024-02-13 not available, trying earlier...
[Water Clarity] Fetching KD490 for 2024-02-12...
[Water Clarity] 2024-02-12 not available, trying earlier...INFO - 2026-03-15T10:08:09Z - Selected dataset version: "202311"
INFO - 2026-03-15T10:08:09Z - Selected dataset part: "default"
INFO - 2026-03-15T10:08:15Z - Selected dataset version: "202506"
INFO - 2026-03-15T10:08:15Z - Selected dataset part: "default"
INFO - 2026-03-15T10:08:20Z - Selected dataset version: "202506"
INFO - 2026-03-15T10:08:20Z - Selected dataset part: "default"
INFO - 2026-03-15T10:08:25Z - Selected dataset version: "202506"
INFO - 2026-03-15T10:08:25Z - Selected dataset part: "default"
INFO - 2026-03-15T10:08:31Z - Selected dataset version: "202506"
INFO - 2026-03-15T10:08:31Z - Selected dataset part: "default"
INFO - 2026-03-15T10:08:36Z - Selected dataset version: "202506"
INFO - 2026-03-15T10:08:36Z - Selected dataset part: "default"
INFO - 2026-03-15T10:08:41Z - Selected dataset version: "202506"
INFO - 2026-03-15T10:08:41Z - Selected dataset part: "default"
INFO - 2026-03-15T10:08:47Z - Selected dataset version: "202506"
INFO - 2026-03-15T10:08:47Z - Selected dataset part: "default"
INFO - 2026-03-15T10:08:52Z - Selected dataset version: "202506"
INFO - 2026-03-15T10:08:52Z - Selected dataset part: "default"
INFO - 2026-03-15T10:08:57Z - Selected dataset version: "202406"
INFO - 2026-03-15T10:08:57Z - Selected dataset part: "default"
INFO - 2026-03-15T10:09:09Z - Selected dataset version: "202311"
INFO - 2026-03-15T10:09:09Z - Selected dataset part: "default"
INFO - 2026-03-15T10:09:22Z - Selected dataset version: "default"
INFO - 2026-03-15T10:09:22Z - Selected dataset part: "default"
INFO - 2026-03-15T10:09:35Z - Selected dataset version: "202406"
INFO - 2026-03-15T10:09:35Z - Selected dataset part: "default"
WARNING - 2026-03-15T10:09:35Z - Some of your subset selection [0.0, 1.0] for the depth dimension exceed the dataset coordinates [0.49402499198913574, 5727.9169921875]
INFO - 2026-03-15T10:09:48Z - Selected dataset version: "202311"
INFO - 2026-03-15T10:09:48Z - Selected dataset part: "default"
INFO - 2026-03-15T10:09:53Z - Selected dataset version: "202311"
INFO - 2026-03-15T10:09:53Z - Selected dataset part: "default"
WARNING - 2026-03-15T10:09:53Z - Some of your subset selection [0.0, 1.0] for the depth dimension exceed the dataset coordinates [0.4940253794193268, 5727.91650390625]
INFO - 2026-03-15T10:10:06Z - Selected dataset version: "202311"
INFO - 2026-03-15T10:10:06Z - Selected dataset part: "default"
INFO - 2026-03-15T10:10:12Z - Selected dataset version: "202311"
INFO - 2026-03-15T10:10:12Z - Selected dataset part: "default"
INFO - 2026-03-15T10:10:17Z - Selected dataset version: "202311"
INFO - 2026-03-15T10:10:17Z - Selected dataset part: "default"
INFO - 2026-03-15T10:10:23Z - Selected dataset version: "202311"
INFO - 2026-03-15T10:10:23Z - Selected dataset part: "default"
INFO - 2026-03-15T10:10:28Z - Selected dataset version: "202311"
INFO - 2026-03-15T10:10:28Z - Selected dataset part: "default"
INFO - 2026-03-15T10:10:34Z - Selected dataset version: "202311"
INFO - 2026-03-15T10:10:34Z - Selected dataset part: "default"
INFO - 2026-03-15T10:10:39Z - Selected dataset version: "202506"
INFO - 2026-03-15T10:10:39Z - Selected dataset part: "default"
INFO - 2026-03-15T10:10:45Z - Selected dataset version: "202506"
INFO - 2026-03-15T10:10:45Z - Selected dataset part: "default"
INFO - 2026-03-15T10:10:50Z - Selected dataset version: "202506"
INFO - 2026-03-15T10:10:50Z - Selected dataset part: "default"
INFO - 2026-03-15T10:10:56Z - Selected dataset version: "202506"
INFO - 2026-03-15T10:10:56Z - Selected dataset part: "default"
INFO - 2026-03-15T10:11:01Z - Selected dataset version: "202506"
INFO - 2026-03-15T10:11:01Z - Selected dataset part: "default"
INFO - 2026-03-15T10:11:07Z - Selected dataset version: "202506"
INFO - 2026-03-15T10:11:07Z - Selected dataset part: "default"
INFO - 2026-03-15T10:11:13Z - Selected dataset version: "202506"
INFO - 2026-03-15T10:11:13Z - Selected dataset part: "default"
INFO - 2026-03-15T10:11:18Z - Selected dataset version: "202506"
INFO - 2026-03-15T10:11:18Z - Selected dataset part: "default"
INFO - 2026-03-15T10:11:24Z - Selected dataset version: "202406"
INFO - 2026-03-15T10:11:24Z - Selected dataset part: "default"
INFO - 2026-03-15T10:11:37Z - Selected dataset version: "202311"
INFO - 2026-03-15T10:11:37Z - Selected dataset part: "default"
INFO - 2026-03-15T10:11:50Z - Selected dataset version: "default"
INFO - 2026-03-15T10:11:50Z - Selected dataset part: "default"
INFO - 2026-03-15T10:12:01Z - Selected dataset version: "202406"
INFO - 2026-03-15T10:12:01Z - Selected dataset part: "default"
WARNING - 2026-03-15T10:12:01Z - Some of your subset selection [0.0, 1.0] for the depth dimension exceed the dataset coordinates [0.49402499198913574, 5727.9169921875]
INFO - 2026-03-15T10:12:14Z - Selected dataset version: "202311"
INFO - 2026-03-15T10:12:14Z - Selected dataset part: "default"
INFO - 2026-03-15T10:12:20Z - Selected dataset version: "202311"
INFO - 2026-03-15T10:12:20Z - Selected dataset part: "default"
WARNING - 2026-03-15T10:12:20Z - Some of your subset selection [0.0, 1.0] for the depth dimension exceed the dataset coordinates [0.4940253794193268, 5727.91650390625]
INFO - 2026-03-15T10:12:32Z - Selected dataset version: "202311"
INFO - 2026-03-15T10:12:32Z - Selected dataset part: "default"
INFO - 2026-03-15T10:12:38Z - Selected dataset version: "202311"
INFO - 2026-03-15T10:12:38Z - Selected dataset part: "default"
INFO - 2026-03-15T10:12:43Z - Selected dataset version: "202311"
INFO - 2026-03-15T10:12:43Z - Selected dataset part: "default"
INFO - 2026-03-15T10:12:49Z - Selected dataset version: "202311"
INFO - 2026-03-15T10:12:49Z - Selected dataset part: "default"
INFO - 2026-03-15T10:12:55Z - Selected dataset version: "202311"
INFO - 2026-03-15T10:12:55Z - Selected dataset part: "default"
INFO - 2026-03-15T10:13:00Z - Selected dataset version: "202311"
INFO - 2026-03-15T10:13:00Z - Selected dataset part: "default"
INFO - 2026-03-15T10:13:05Z - Selected dataset version: "202506"
INFO - 2026-03-15T10:13:05Z - Selected dataset part: "default"
INFO - 2026-03-15T10:13:11Z - Selected dataset version: "202506"
INFO - 2026-03-15T10:13:11Z - Selected dataset part: "default"
INFO - 2026-03-15T10:13:16Z - Selected dataset version: "202506"
INFO - 2026-03-15T10:13:16Z - Selected dataset part: "default"
INFO - 2026-03-15T10:13:22Z - Selected dataset version: "202506"
INFO - 2026-03-15T10:13:22Z - Selected dataset part: "default"
INFO - 2026-03-15T10:13:28Z - Selected dataset version: "202506"
INFO - 2026-03-15T10:13:28Z - Selected dataset part: "default"
INFO - 2026-03-15T10:13:34Z - Selected dataset version: "202506"
INFO - 2026-03-15T10:13:34Z - Selected dataset part: "default"
INFO - 2026-03-15T10:13:39Z - Selected dataset version: "202506"
INFO - 2026-03-15T10:13:39Z - Selected dataset part: "default"
INFO - 2026-03-15T10:13:45Z - Selected dataset version: "202506"
INFO - 2026-03-15T10:13:45Z - Selected dataset part: "default"
INFO - 2026-03-15T10:13:50Z - Selected dataset version: "202406"
INFO - 2026-03-15T10:13:50Z - Selected dataset part: "default"
INFO - 2026-03-15T10:14:03Z - Selected dataset version: "202311"
INFO - 2026-03-15T10:14:03Z - Selected dataset part: "default"

[Water Clarity] Fetching KD490 for 2024-02-11...
  [KD490] Error: Some of your subset selection [2024-02-11 00:00:00+00:00, 2024-02-11 23:59:59+00:00] for the time dimension exceed the dataset coordinates [2026-02-27 00:00:00+00:00, 2026-03-13 00:00:00+00:00]
[SSH/Eddies] Fetching SLA for 2024-02-16...
[SSH/Eddies] 2024-02-16 not available, trying earlier...
[SSH/Eddies] Fetching SLA for 2024-02-15...
[SSH/Eddies] 2024-02-15 not available, trying earlier...
[SSH/Eddies] Fetching SLA for 2024-02-14...
[SSH/Eddies] 2024-02-14 not available, trying earlier...
[SSH/Eddies] Fetching SLA for 2024-02-13...
[SSH/Eddies] 2024-02-13 not available, trying earlier...
[SSH/Eddies] Fetching SLA for 2024-02-12...
[SSH/Eddies] 2024-02-12 not available, trying earlier...
[SSH/Eddies] Fetching SLA for 2024-02-11...
[SSH/Eddies] 2024-02-11 not available, trying earlier...
[SSH/Eddies] Fetching SLA for 2024-02-10...
[SSH/Eddies] 2024-02-10 not available, trying earlier...
[SSH/Eddies] Fetching SLA for 2024-02-09...
  [SSH] Error: Some of your subset selection [2024-02-09 00:00:00+00:00, 2024-02-09 23:59:59+00:00] for the time dimension exceed the dataset coordinates [2024-07-01 00:00:00+00:00, 2026-03-15 00:00:00+00:00]
[MLD] Fetching for 2024-02-16...
[MLD] Saved to data\2024-02-16\mld_raw.nc
[Oxygen] Fetching for 2024-02-16...
[Oxygen] Saved to data\2024-02-16\oxygen_raw.nc
[Hotspots] Building blue marlin habitat suitability...
[Hotspots] Shelf break: 37% of cells >50% (applied as x1.0-1.5 multiplier)
[Hotspots] Current scoring: 64% favorable, upstream SST mean 22.0C
[Hotspots] Convergence scoring: 41% of cells have bait-concentrating flow
[Hotspots] Score range: 0.000 - 1.000 (mean 0.563)
[Depth mask] Built >100m ocean mask (1 polygons)
[Hotspots] 109 polygons across 8 bands ->data\2024-02-16\blue_marlin_hotspots.geojson
  -> Hotspots generated

============================================================
[10/18] 2024-03-02
============================================================
[SST] Fetching observation L4 for 2024-03-02...
[SST] Saved to data\2024-03-02\sst_raw.nc
[Currents] Fetching model 0.083deg for 2024-03-02...
[Currents] Saved model 0.083deg to data\2024-03-02\currents_raw.nc
[Chlorophyll] Fetching observation L4 for 2024-03-02...
[Chlorophyll] Observation unavailable (Some of your subset selection [2024-03-02 00:00:00+00:00, 20), falling back to model...
[Chlorophyll] Saved model fallback to data\2024-03-02\chl_raw.nc
[Water Clarity] Fetching KD490 for 2024-03-02...
[Water Clarity] 2024-03-02 not available, trying earlier...
[Water Clarity] Fetching KD490 for 2024-03-01...
[Water Clarity] 2024-03-01 not available, trying earlier...
[Water Clarity] Fetching KD490 for 2024-02-29...
[Water Clarity] 2024-02-29 not available, trying earlier...
[Water Clarity] Fetching KD490 for 2024-02-28...
[Water Clarity] 2024-02-28 not available, trying earlier...
[Water Clarity] Fetching KD490 for 2024-02-27...
[Water Clarity] 2024-02-27 not available, trying earlier...
[Water Clarity] Fetching KD490 for 2024-02-26...
  [KD490] Error: Some of your subset selection [2024-02-26 00:00:00+00:00, 2024-02-26 23:59:59+00:00] for the time dimension exceed the dataset coordinates [2026-02-27 00:00:00+00:00, 2026-03-13 00:00:00+00:00]
[SSH/Eddies] Fetching SLA for 2024-03-02...
[SSH/Eddies] 2024-03-02 not available, trying earlier...
[SSH/Eddies] Fetching SLA for 2024-03-01...
[SSH/Eddies] 2024-03-01 not available, trying earlier...
[SSH/Eddies] Fetching SLA for 2024-02-29...
[SSH/Eddies] 2024-02-29 not available, trying earlier...
[SSH/Eddies] Fetching SLA for 2024-02-28...
[SSH/Eddies] 2024-02-28 not available, trying earlier...
[SSH/Eddies] Fetching SLA for 2024-02-27...
[SSH/Eddies] 2024-02-27 not available, trying earlier...
[SSH/Eddies] Fetching SLA for 2024-02-26...
[SSH/Eddies] 2024-02-26 not available, trying earlier...
[SSH/Eddies] Fetching SLA for 2024-02-25...
[SSH/Eddies] 2024-02-25 not available, trying earlier...
[SSH/Eddies] Fetching SLA for 2024-02-24...
  [SSH] Error: Some of your subset selection [2024-02-24 00:00:00+00:00, 2024-02-24 23:59:59+00:00] for the time dimension exceed the dataset coordinates [2024-07-01 00:00:00+00:00, 2026-03-15 00:00:00+00:00]
[MLD] Fetching for 2024-03-02...
[MLD] Saved to data\2024-03-02\mld_raw.nc
[Oxygen] Fetching for 2024-03-02...
[Oxygen] Saved to data\2024-03-02\oxygen_raw.nc
[Hotspots] Building blue marlin habitat suitability...
[Hotspots] Shelf break: 37% of cells >50% (applied as x1.0-1.5 multiplier)
[Hotspots] Current scoring: 61% favorable, upstream SST mean 22.3C
[Hotspots] Convergence scoring: 50% of cells have bait-concentrating flow
[Hotspots] Score range: 0.000 - 1.000 (mean 0.594)
[Depth mask] Built >100m ocean mask (1 polygons)
[Hotspots] 116 polygons across 8 bands ->data\2024-03-02\blue_marlin_hotspots.geojson
  -> Hotspots generated

============================================================
[11/18] 2024-03-03
============================================================
[SST] Fetching observation L4 for 2024-03-03...
[SST] Saved to data\2024-03-03\sst_raw.nc
[Currents] Fetching model 0.083deg for 2024-03-03...
[Currents] Saved model 0.083deg to data\2024-03-03\currents_raw.nc
[Chlorophyll] Fetching observation L4 for 2024-03-03...
[Chlorophyll] Observation unavailable (Some of your subset selection [2024-03-03 00:00:00+00:00, 20), falling back to model...
[Chlorophyll] Saved model fallback to data\2024-03-03\chl_raw.nc
[Water Clarity] Fetching KD490 for 2024-03-03...
[Water Clarity] 2024-03-03 not available, trying earlier...
[Water Clarity] Fetching KD490 for 2024-03-02...
[Water Clarity] 2024-03-02 not available, trying earlier...
[Water Clarity] Fetching KD490 for 2024-03-01...
[Water Clarity] 2024-03-01 not available, trying earlier...
[Water Clarity] Fetching KD490 for 2024-02-29...
[Water Clarity] 2024-02-29 not available, trying earlier...
[Water Clarity] Fetching KD490 for 2024-02-28...
[Water Clarity] 2024-02-28 not available, trying earlier...
[Water Clarity] Fetching KD490 for 2024-02-27...
  [KD490] Error: Some of your subset selection [2024-02-27 00:00:00+00:00, 2024-02-27 23:59:59+00:00] for the time dimension exceed the dataset coordinates [2026-02-27 00:00:00+00:00, 2026-03-13 00:00:00+00:00]
[SSH/Eddies] Fetching SLA for 2024-03-03...
[SSH/Eddies] 2024-03-03 not available, trying earlier...
[SSH/Eddies] Fetching SLA for 2024-03-02...
[SSH/Eddies] 2024-03-02 not available, trying earlier...
[SSH/Eddies] Fetching SLA for 2024-03-01...
[SSH/Eddies] 2024-03-01 not available, trying earlier...
[SSH/Eddies] Fetching SLA for 2024-02-29...
[SSH/Eddies] 2024-02-29 not available, trying earlier...
[SSH/Eddies] Fetching SLA for 2024-02-28...
[SSH/Eddies] 2024-02-28 not available, trying earlier...
[SSH/Eddies] Fetching SLA for 2024-02-27...
[SSH/Eddies] 2024-02-27 not available, trying earlier...
[SSH/Eddies] Fetching SLA for 2024-02-26...
[SSH/Eddies] 2024-02-26 not available, trying earlier...
[SSH/Eddies] Fetching SLA for 2024-02-25...
  [SSH] Error: Some of your subset selection [2024-02-25 00:00:00+00:00, 2024-02-25 23:59:59+00:00] for the time dimension exceed the dataset coordinates [2024-07-01 00:00:00+00:00, 2026-03-15 00:00:00+00:00]
[MLD] Fetching for 2024-03-03...
[MLD] Saved to data\2024-03-03\mld_raw.nc
[Oxygen] Fetching for 2024-03-03...
[Oxygen] Saved to data\2024-03-03\oxygen_raw.nc
[Hotspots] Building blue marlin habitat suitability...
[Hotspots] Shelf break: 37% of cells >50% (applied as x1.0-1.5 multiplier)
[Hotspots] Current scoring: 73% favorable, upstream SST mean 22.4C
[Hotspots] Convergence scoring: 47% of cells have bait-concentrating flow
[Hotspots] Score range: 0.000 - 1.000 (mean 0.605)
[Depth mask] Built >100m ocean mask (1 polygons)
[Hotspots] 126 polygons across 8 bands ->data\2024-03-03\blue_marlin_hotspots.geojson
  -> Hotspots generated

============================================================
[12/18] 2025-01-02
============================================================
[SST] Fetching observation L4 for 2025-01-02...INFO - 2026-03-15T10:14:16Z - Selected dataset version: "default"
INFO - 2026-03-15T10:14:16Z - Selected dataset part: "default"
INFO - 2026-03-15T10:14:28Z - Selected dataset version: "202406"
INFO - 2026-03-15T10:14:28Z - Selected dataset part: "default"
WARNING - 2026-03-15T10:14:28Z - Some of your subset selection [0.0, 1.0] for the depth dimension exceed the dataset coordinates [0.49402499198913574, 5727.9169921875]
INFO - 2026-03-15T10:14:41Z - Selected dataset version: "202311"
INFO - 2026-03-15T10:14:41Z - Selected dataset part: "default"
INFO - 2026-03-15T10:14:46Z - Selected dataset version: "202311"
INFO - 2026-03-15T10:14:46Z - Selected dataset part: "default"
WARNING - 2026-03-15T10:14:46Z - Some of your subset selection [0.0, 1.0] for the depth dimension exceed the dataset coordinates [0.4940253794193268, 5727.91650390625]
INFO - 2026-03-15T10:14:58Z - Selected dataset version: "202311"
INFO - 2026-03-15T10:14:58Z - Selected dataset part: "default"
INFO - 2026-03-15T10:15:04Z - Selected dataset version: "202311"
INFO - 2026-03-15T10:15:04Z - Selected dataset part: "default"
INFO - 2026-03-15T10:15:09Z - Selected dataset version: "202311"
INFO - 2026-03-15T10:15:09Z - Selected dataset part: "default"
INFO - 2026-03-15T10:15:15Z - Selected dataset version: "202311"
INFO - 2026-03-15T10:15:15Z - Selected dataset part: "default"
INFO - 2026-03-15T10:15:20Z - Selected dataset version: "202311"
INFO - 2026-03-15T10:15:20Z - Selected dataset part: "default"
INFO - 2026-03-15T10:15:25Z - Selected dataset version: "202311"
INFO - 2026-03-15T10:15:25Z - Selected dataset part: "default"
INFO - 2026-03-15T10:15:30Z - Selected dataset version: "202506"
INFO - 2026-03-15T10:15:30Z - Selected dataset part: "default"
INFO - 2026-03-15T10:15:42Z - Selected dataset version: "202406"
INFO - 2026-03-15T10:15:42Z - Selected dataset part: "default"
INFO - 2026-03-15T10:15:55Z - Selected dataset version: "202311"
INFO - 2026-03-15T10:15:55Z - Selected dataset part: "default"
INFO - 2026-03-15T10:16:09Z - Selected dataset version: "default"
INFO - 2026-03-15T10:16:09Z - Selected dataset part: "default"
INFO - 2026-03-15T10:16:21Z - Selected dataset version: "202406"
INFO - 2026-03-15T10:16:21Z - Selected dataset part: "default"
WARNING - 2026-03-15T10:16:21Z - Some of your subset selection [0.0, 1.0] for the depth dimension exceed the dataset coordinates [0.49402499198913574, 5727.9169921875]
INFO - 2026-03-15T10:16:35Z - Selected dataset version: "202311"
INFO - 2026-03-15T10:16:35Z - Selected dataset part: "default"
INFO - 2026-03-15T10:16:40Z - Selected dataset version: "202311"
INFO - 2026-03-15T10:16:40Z - Selected dataset part: "default"
WARNING - 2026-03-15T10:16:40Z - Some of your subset selection [0.0, 1.0] for the depth dimension exceed the dataset coordinates [0.4940253794193268, 5727.91650390625]
INFO - 2026-03-15T10:16:52Z - Selected dataset version: "202311"
INFO - 2026-03-15T10:16:52Z - Selected dataset part: "default"
INFO - 2026-03-15T10:16:58Z - Selected dataset version: "202311"
INFO - 2026-03-15T10:16:58Z - Selected dataset part: "default"
INFO - 2026-03-15T10:17:03Z - Selected dataset version: "202311"
INFO - 2026-03-15T10:17:03Z - Selected dataset part: "default"
INFO - 2026-03-15T10:17:08Z - Selected dataset version: "202311"
INFO - 2026-03-15T10:17:08Z - Selected dataset part: "default"
INFO - 2026-03-15T10:17:13Z - Selected dataset version: "202311"
INFO - 2026-03-15T10:17:13Z - Selected dataset part: "default"
INFO - 2026-03-15T10:17:19Z - Selected dataset version: "202311"
INFO - 2026-03-15T10:17:19Z - Selected dataset part: "default"
INFO - 2026-03-15T10:17:24Z - Selected dataset version: "202506"
INFO - 2026-03-15T10:17:24Z - Selected dataset part: "default"
INFO - 2026-03-15T10:17:36Z - Selected dataset version: "202406"
INFO - 2026-03-15T10:17:36Z - Selected dataset part: "default"
INFO - 2026-03-15T10:17:48Z - Selected dataset version: "202311"
INFO - 2026-03-15T10:17:48Z - Selected dataset part: "default"
INFO - 2026-03-15T10:18:01Z - Selected dataset version: "default"
INFO - 2026-03-15T10:18:01Z - Selected dataset part: "default"
INFO - 2026-03-15T10:18:13Z - Selected dataset version: "202406"
INFO - 2026-03-15T10:18:13Z - Selected dataset part: "default"
WARNING - 2026-03-15T10:18:13Z - Some of your subset selection [0.0, 1.0] for the depth dimension exceed the dataset coordinates [0.49402499198913574, 5727.9169921875]
INFO - 2026-03-15T10:18:27Z - Selected dataset version: "202311"
INFO - 2026-03-15T10:18:27Z - Selected dataset part: "default"
INFO - 2026-03-15T10:18:32Z - Selected dataset version: "202311"
INFO - 2026-03-15T10:18:32Z - Selected dataset part: "default"
WARNING - 2026-03-15T10:18:32Z - Some of your subset selection [0.0, 1.0] for the depth dimension exceed the dataset coordinates [0.4940253794193268, 5727.91650390625]
INFO - 2026-03-15T10:18:45Z - Selected dataset version: "202311"
INFO - 2026-03-15T10:18:45Z - Selected dataset part: "default"
INFO - 2026-03-15T10:18:50Z - Selected dataset version: "202311"
INFO - 2026-03-15T10:18:50Z - Selected dataset part: "default"
INFO - 2026-03-15T10:18:55Z - Selected dataset version: "202311"
INFO - 2026-03-15T10:18:55Z - Selected dataset part: "default"
INFO - 2026-03-15T10:19:01Z - Selected dataset version: "202311"
INFO - 2026-03-15T10:19:01Z - Selected dataset part: "default"
INFO - 2026-03-15T10:19:06Z - Selected dataset version: "202311"
INFO - 2026-03-15T10:19:06Z - Selected dataset part: "default"
INFO - 2026-03-15T10:19:12Z - Selected dataset version: "202311"
INFO - 2026-03-15T10:19:12Z - Selected dataset part: "default"
INFO - 2026-03-15T10:19:17Z - Selected dataset version: "202506"
INFO - 2026-03-15T10:19:17Z - Selected dataset part: "default"
INFO - 2026-03-15T10:19:29Z - Selected dataset version: "202406"
INFO - 2026-03-15T10:19:29Z - Selected dataset part: "default"
INFO - 2026-03-15T10:19:42Z - Selected dataset version: "202311"
INFO - 2026-03-15T10:19:42Z - Selected dataset part: "default"
INFO - 2026-03-15T10:19:56Z - Selected dataset version: "default"
INFO - 2026-03-15T10:19:56Z - Selected dataset part: "default"
INFO - 2026-03-15T10:20:07Z - Selected dataset version: "202406"
INFO - 2026-03-15T10:20:07Z - Selected dataset part: "default"
WARNING - 2026-03-15T10:20:07Z - Some of your subset selection [0.0, 1.0] for the depth dimension exceed the dataset coordinates [0.49402499198913574, 5727.9169921875]
INFO - 2026-03-15T10:20:20Z - Selected dataset version: "202311"
INFO - 2026-03-15T10:20:20Z - Selected dataset part: "default"
INFO - 2026-03-15T10:20:26Z - Selected dataset version: "202311"
INFO - 2026-03-15T10:20:26Z - Selected dataset part: "default"
WARNING - 2026-03-15T10:20:26Z - Some of your subset selection [0.0, 1.0] for the depth dimension exceed the dataset coordinates [0.4940253794193268, 5727.91650390625]
INFO - 2026-03-15T10:20:38Z - Selected dataset version: "202311"
INFO - 2026-03-15T10:20:38Z - Selected dataset part: "default"
INFO - 2026-03-15T10:20:43Z - Selected dataset version: "202311"
INFO - 2026-03-15T10:20:43Z - Selected dataset part: "default"
INFO - 2026-03-15T10:20:49Z - Selected dataset version: "202311"
INFO - 2026-03-15T10:20:49Z - Selected dataset part: "default"
INFO - 2026-03-15T10:20:54Z - Selected dataset version: "202311"
INFO - 2026-03-15T10:20:54Z - Selected dataset part: "default"
INFO - 2026-03-15T10:21:00Z - Selected dataset version: "202311"
INFO - 2026-03-15T10:21:00Z - Selected dataset part: "default"
INFO - 2026-03-15T10:21:05Z - Selected dataset version: "202311"
INFO - 2026-03-15T10:21:05Z - Selected dataset part: "default"
INFO - 2026-03-15T10:21:10Z - Selected dataset version: "202506"
INFO - 2026-03-15T10:21:10Z - Selected dataset part: "default"
INFO - 2026-03-15T10:21:22Z - Selected dataset version: "202406"
INFO - 2026-03-15T10:21:22Z - Selected dataset part: "default"

[SST] Saved to data\2025-01-02\sst_raw.nc
[Currents] Fetching model 0.083deg for 2025-01-02...
[Currents] Saved model 0.083deg to data\2025-01-02\currents_raw.nc
[Chlorophyll] Fetching observation L4 for 2025-01-02...
[Chlorophyll] Observation unavailable (Some of your subset selection [2025-01-02 00:00:00+00:00, 20), falling back to model...
[Chlorophyll] Saved model fallback to data\2025-01-02\chl_raw.nc
[Water Clarity] Fetching KD490 for 2025-01-02...
[Water Clarity] 2025-01-02 not available, trying earlier...
[Water Clarity] Fetching KD490 for 2025-01-01...
[Water Clarity] 2025-01-01 not available, trying earlier...
[Water Clarity] Fetching KD490 for 2024-12-31...
[Water Clarity] 2024-12-31 not available, trying earlier...
[Water Clarity] Fetching KD490 for 2024-12-30...
[Water Clarity] 2024-12-30 not available, trying earlier...
[Water Clarity] Fetching KD490 for 2024-12-29...
[Water Clarity] 2024-12-29 not available, trying earlier...
[Water Clarity] Fetching KD490 for 2024-12-28...
  [KD490] Error: Some of your subset selection [2024-12-28 00:00:00+00:00, 2024-12-28 23:59:59+00:00] for the time dimension exceed the dataset coordinates [2026-02-27 00:00:00+00:00, 2026-03-13 00:00:00+00:00]
[SSH/Eddies] Fetching SLA for 2025-01-02...
[SSH/Eddies] Saved to data\2025-01-02\ssh_raw.nc (data date: 2025-01-02)
[MLD] Fetching for 2025-01-02...
[MLD] Saved to data\2025-01-02\mld_raw.nc
[Oxygen] Fetching for 2025-01-02...
[Oxygen] Saved to data\2025-01-02\oxygen_raw.nc
[Hotspots] Building blue marlin habitat suitability...
[Hotspots] Shelf break: 37% of cells >50% (applied as x1.0-1.5 multiplier)
[Hotspots] SSH scoring: 43% >50%, mean abs SLA=0.123m
[Hotspots] Current scoring: 65% favorable, upstream SST mean 22.1C
[Hotspots] Convergence scoring: 47% of cells have bait-concentrating flow
[Hotspots] Score range: 0.000 - 0.999 (mean 0.546)
[Depth mask] Built >100m ocean mask (1 polygons)
[Hotspots] 103 polygons across 8 bands ->data\2025-01-02\blue_marlin_hotspots.geojson
  -> Hotspots generated

============================================================
[13/18] 2025-01-11
============================================================
[SST] Fetching observation L4 for 2025-01-11...
[SST] Saved to data\2025-01-11\sst_raw.nc
[Currents] Fetching model 0.083deg for 2025-01-11...
[Currents] Saved model 0.083deg to data\2025-01-11\currents_raw.nc
[Chlorophyll] Fetching observation L4 for 2025-01-11...
[Chlorophyll] Observation unavailable (Some of your subset selection [2025-01-11 00:00:00+00:00, 20), falling back to model...
[Chlorophyll] Saved model fallback to data\2025-01-11\chl_raw.nc
[Water Clarity] Fetching KD490 for 2025-01-11...
[Water Clarity] 2025-01-11 not available, trying earlier...
[Water Clarity] Fetching KD490 for 2025-01-10...
[Water Clarity] 2025-01-10 not available, trying earlier...
[Water Clarity] Fetching KD490 for 2025-01-09...
[Water Clarity] 2025-01-09 not available, trying earlier...
[Water Clarity] Fetching KD490 for 2025-01-08...
[Water Clarity] 2025-01-08 not available, trying earlier...
[Water Clarity] Fetching KD490 for 2025-01-07...
[Water Clarity] 2025-01-07 not available, trying earlier...
[Water Clarity] Fetching KD490 for 2025-01-06...
  [KD490] Error: Some of your subset selection [2025-01-06 00:00:00+00:00, 2025-01-06 23:59:59+00:00] for the time dimension exceed the dataset coordinates [2026-02-27 00:00:00+00:00, 2026-03-13 00:00:00+00:00]
[SSH/Eddies] Fetching SLA for 2025-01-11...
[SSH/Eddies] Saved to data\2025-01-11\ssh_raw.nc (data date: 2025-01-11)
[MLD] Fetching for 2025-01-11...
[MLD] Saved to data\2025-01-11\mld_raw.nc
[Oxygen] Fetching for 2025-01-11...
[Oxygen] Saved to data\2025-01-11\oxygen_raw.nc
[Hotspots] Building blue marlin habitat suitability...
[Hotspots] Shelf break: 37% of cells >50% (applied as x1.0-1.5 multiplier)
[Hotspots] SSH scoring: 53% >50%, mean abs SLA=0.158m
[Hotspots] Current scoring: 80% favorable, upstream SST mean 22.7C
[Hotspots] Convergence scoring: 56% of cells have bait-concentrating flow
[Hotspots] Score range: 0.000 - 1.000 (mean 0.601)
[Depth mask] Built >100m ocean mask (1 polygons)
[Hotspots] 108 polygons across 8 bands ->data\2025-01-11\blue_marlin_hotspots.geojson
  -> Hotspots generated

============================================================
[14/18] 2025-01-15
============================================================
[SST] Fetching observation L4 for 2025-01-15...
[SST] Saved to data\2025-01-15\sst_raw.nc
[Currents] Fetching model 0.083deg for 2025-01-15...
[Currents] Saved model 0.083deg to data\2025-01-15\currents_raw.nc
[Chlorophyll] Fetching observation L4 for 2025-01-15...
[Chlorophyll] Observation unavailable (Some of your subset selection [2025-01-15 00:00:00+00:00, 20), falling back to model...
[Chlorophyll] Saved model fallback to data\2025-01-15\chl_raw.nc
[Water Clarity] Fetching KD490 for 2025-01-15...
[Water Clarity] 2025-01-15 not available, trying earlier...
[Water Clarity] Fetching KD490 for 2025-01-14...
[Water Clarity] 2025-01-14 not available, trying earlier...
[Water Clarity] Fetching KD490 for 2025-01-13...
[Water Clarity] 2025-01-13 not available, trying earlier...
[Water Clarity] Fetching KD490 for 2025-01-12...
[Water Clarity] 2025-01-12 not available, trying earlier...
[Water Clarity] Fetching KD490 for 2025-01-11...
[Water Clarity] 2025-01-11 not available, trying earlier...
[Water Clarity] Fetching KD490 for 2025-01-10...
  [KD490] Error: Some of your subset selection [2025-01-10 00:00:00+00:00, 2025-01-10 23:59:59+00:00] for the time dimension exceed the dataset coordinates [2026-02-27 00:00:00+00:00, 2026-03-13 00:00:00+00:00]
[SSH/Eddies] Fetching SLA for 2025-01-15...
[SSH/Eddies] Saved to data\2025-01-15\ssh_raw.nc (data date: 2025-01-15)
[MLD] Fetching for 2025-01-15...
[MLD] Saved to data\2025-01-15\mld_raw.nc
[Oxygen] Fetching for 2025-01-15...
[Oxygen] Saved to data\2025-01-15\oxygen_raw.nc
[Hotspots] Building blue marlin habitat suitability...
[Hotspots] Shelf break: 37% of cells >50% (applied as x1.0-1.5 multiplier)
[Hotspots] SSH scoring: 49% >50%, mean abs SLA=0.160m
[Hotspots] Current scoring: 94% favorable, upstream SST mean 22.8C
[Hotspots] Convergence scoring: 53% of cells have bait-concentrating flow
[Hotspots] Score range: 0.000 - 1.000 (mean 0.605)
[Depth mask] Built >100m ocean mask (1 polygons)
[Hotspots] 111 polygons across 8 bands ->data\2025-01-15\blue_marlin_hotspots.geojson
  -> Hotspots generated

============================================================
[15/18] 2025-02-08
============================================================
[SST] Fetching observation L4 for 2025-02-08...
[SST] Saved to data\2025-02-08\sst_raw.nc
[Currents] Fetching model 0.083deg for 2025-02-08...
[Currents] Saved model 0.083deg to data\2025-02-08\currents_raw.nc
[Chlorophyll] Fetching observation L4 for 2025-02-08...
[Chlorophyll] Observation unavailable (Some of your subset selection [2025-02-08 00:00:00+00:00, 20), falling back to model...
[Chlorophyll] Saved model fallback to data\2025-02-08\chl_raw.nc
[Water Clarity] Fetching KD490 for 2025-02-08...
[Water Clarity] 2025-02-08 not available, trying earlier...
[Water Clarity] Fetching KD490 for 2025-02-07...
[Water Clarity] 2025-02-07 not available, trying earlier...
[Water Clarity] Fetching KD490 for 2025-02-06...
[Water Clarity] 2025-02-06 not available, trying earlier...
[Water Clarity] Fetching KD490 for 2025-02-05...
[Water Clarity] 2025-02-05 not available, trying earlier...
[Water Clarity] Fetching KD490 for 2025-02-04...
[Water Clarity] 2025-02-04 not available, trying earlier...
[Water Clarity] Fetching KD490 for 2025-02-03...
  [KD490] Error: Some of your subset selection [2025-02-03 00:00:00+00:00, 2025-02-03 23:59:59+00:00] for the time dimension exceed the dataset coordinates [2026-02-27 00:00:00+00:00, 2026-03-13 00:00:00+00:00]
[SSH/Eddies] Fetching SLA for 2025-02-08...
[SSH/Eddies] Saved to data\2025-02-08\ssh_raw.nc (data date: 2025-02-08)
[MLD] Fetching for 2025-02-08...
[MLD] Saved to data\2025-02-08\mld_raw.nc
INFO - 2026-03-15T10:21:34Z - Selected dataset version: "202311"
INFO - 2026-03-15T10:21:34Z - Selected dataset part: "default"
INFO - 2026-03-15T10:21:48Z - Selected dataset version: "default"
INFO - 2026-03-15T10:21:48Z - Selected dataset part: "default"
INFO - 2026-03-15T10:21:59Z - Selected dataset version: "202406"
INFO - 2026-03-15T10:21:59Z - Selected dataset part: "default"
WARNING - 2026-03-15T10:21:59Z - Some of your subset selection [0.0, 1.0] for the depth dimension exceed the dataset coordinates [0.49402499198913574, 5727.9169921875]
INFO - 2026-03-15T10:22:12Z - Selected dataset version: "202311"
INFO - 2026-03-15T10:22:12Z - Selected dataset part: "default"
INFO - 2026-03-15T10:22:17Z - Selected dataset version: "202311"
INFO - 2026-03-15T10:22:17Z - Selected dataset part: "default"
WARNING - 2026-03-15T10:22:17Z - Some of your subset selection [0.0, 1.0] for the depth dimension exceed the dataset coordinates [0.4940253794193268, 5727.91650390625]
INFO - 2026-03-15T10:22:30Z - Selected dataset version: "202311"
INFO - 2026-03-15T10:22:30Z - Selected dataset part: "default"
INFO - 2026-03-15T10:22:35Z - Selected dataset version: "202311"
INFO - 2026-03-15T10:22:35Z - Selected dataset part: "default"
INFO - 2026-03-15T10:22:40Z - Selected dataset version: "202311"
INFO - 2026-03-15T10:22:40Z - Selected dataset part: "default"
INFO - 2026-03-15T10:22:46Z - Selected dataset version: "202311"
INFO - 2026-03-15T10:22:46Z - Selected dataset part: "default"
INFO - 2026-03-15T10:22:52Z - Selected dataset version: "202311"
INFO - 2026-03-15T10:22:52Z - Selected dataset part: "default"
INFO - 2026-03-15T10:22:57Z - Selected dataset version: "202311"
INFO - 2026-03-15T10:22:57Z - Selected dataset part: "default"
INFO - 2026-03-15T10:23:03Z - Selected dataset version: "202506"
INFO - 2026-03-15T10:23:03Z - Selected dataset part: "default"
INFO - 2026-03-15T10:23:15Z - Selected dataset version: "202406"
INFO - 2026-03-15T10:23:15Z - Selected dataset part: "default"
INFO - 2026-03-15T10:23:28Z - Selected dataset version: "202311"
INFO - 2026-03-15T10:23:28Z - Selected dataset part: "default"
INFO - 2026-03-15T10:23:41Z - Selected dataset version: "default"
INFO - 2026-03-15T10:23:41Z - Selected dataset part: "default"
INFO - 2026-03-15T10:23:53Z - Selected dataset version: "202406"
INFO - 2026-03-15T10:23:53Z - Selected dataset part: "default"
WARNING - 2026-03-15T10:23:53Z - Some of your subset selection [0.0, 1.0] for the depth dimension exceed the dataset coordinates [0.49402499198913574, 5727.9169921875]
INFO - 2026-03-15T10:24:06Z - Selected dataset version: "202311"
INFO - 2026-03-15T10:24:06Z - Selected dataset part: "default"
INFO - 2026-03-15T10:24:11Z - Selected dataset version: "202311"
INFO - 2026-03-15T10:24:11Z - Selected dataset part: "default"
WARNING - 2026-03-15T10:24:11Z - Some of your subset selection [0.0, 1.0] for the depth dimension exceed the dataset coordinates [0.4940253794193268, 5727.91650390625]
INFO - 2026-03-15T10:24:24Z - Selected dataset version: "202311"
INFO - 2026-03-15T10:24:24Z - Selected dataset part: "default"
INFO - 2026-03-15T10:24:29Z - Selected dataset version: "202311"
INFO - 2026-03-15T10:24:29Z - Selected dataset part: "default"
INFO - 2026-03-15T10:24:35Z - Selected dataset version: "202311"
INFO - 2026-03-15T10:24:35Z - Selected dataset part: "default"
INFO - 2026-03-15T10:24:40Z - Selected dataset version: "202311"
INFO - 2026-03-15T10:24:40Z - Selected dataset part: "default"
INFO - 2026-03-15T10:24:45Z - Selected dataset version: "202311"
INFO - 2026-03-15T10:24:45Z - Selected dataset part: "default"
INFO - 2026-03-15T10:24:50Z - Selected dataset version: "202311"
INFO - 2026-03-15T10:24:50Z - Selected dataset part: "default"
INFO - 2026-03-15T10:24:56Z - Selected dataset version: "202506"
INFO - 2026-03-15T10:24:56Z - Selected dataset part: "default"
INFO - 2026-03-15T10:25:08Z - Selected dataset version: "202406"
INFO - 2026-03-15T10:25:08Z - Selected dataset part: "default"
INFO - 2026-03-15T10:25:22Z - Selected dataset version: "202311"
INFO - 2026-03-15T10:25:22Z - Selected dataset part: "default"
INFO - 2026-03-15T10:25:35Z - Selected dataset version: "default"
INFO - 2026-03-15T10:25:35Z - Selected dataset part: "default"
INFO - 2026-03-15T10:25:47Z - Selected dataset version: "202406"
INFO - 2026-03-15T10:25:47Z - Selected dataset part: "default"
WARNING - 2026-03-15T10:25:47Z - Some of your subset selection [0.0, 1.0] for the depth dimension exceed the dataset coordinates [0.49402499198913574, 5727.9169921875]
INFO - 2026-03-15T10:25:59Z - Selected dataset version: "202311"
INFO - 2026-03-15T10:25:59Z - Selected dataset part: "default"
INFO - 2026-03-15T10:26:05Z - Selected dataset version: "202311"
INFO - 2026-03-15T10:26:05Z - Selected dataset part: "default"
WARNING - 2026-03-15T10:26:05Z - Some of your subset selection [0.0, 1.0] for the depth dimension exceed the dataset coordinates [0.4940253794193268, 5727.91650390625]
INFO - 2026-03-15T10:26:17Z - Selected dataset version: "202311"
INFO - 2026-03-15T10:26:17Z - Selected dataset part: "default"
INFO - 2026-03-15T10:26:22Z - Selected dataset version: "202311"
INFO - 2026-03-15T10:26:22Z - Selected dataset part: "default"
INFO - 2026-03-15T10:26:29Z - Selected dataset version: "202311"
INFO - 2026-03-15T10:26:29Z - Selected dataset part: "default"
INFO - 2026-03-15T10:26:34Z - Selected dataset version: "202311"
INFO - 2026-03-15T10:26:34Z - Selected dataset part: "default"
INFO - 2026-03-15T10:26:40Z - Selected dataset version: "202311"
INFO - 2026-03-15T10:26:40Z - Selected dataset part: "default"
INFO - 2026-03-15T10:26:45Z - Selected dataset version: "202311"
INFO - 2026-03-15T10:26:45Z - Selected dataset part: "default"
INFO - 2026-03-15T10:26:50Z - Selected dataset version: "202506"
INFO - 2026-03-15T10:26:50Z - Selected dataset part: "default"
INFO - 2026-03-15T10:27:02Z - Selected dataset version: "202406"
INFO - 2026-03-15T10:27:02Z - Selected dataset part: "default"
INFO - 2026-03-15T10:27:14Z - Selected dataset version: "202311"
INFO - 2026-03-15T10:27:14Z - Selected dataset part: "default"
[Oxygen] Fetching for 2025-02-08...
[Oxygen] Saved to data\2025-02-08\oxygen_raw.nc
[Hotspots] Building blue marlin habitat suitability...
[Hotspots] Shelf break: 37% of cells >50% (applied as x1.0-1.5 multiplier)
[Hotspots] SSH scoring: 45% >50%, mean abs SLA=0.124m
[Hotspots] Current scoring: 68% favorable, upstream SST mean 24.5C
[Hotspots] Convergence scoring: 51% of cells have bait-concentrating flow
[Hotspots] Score range: 0.000 - 1.000 (mean 0.608)
[Depth mask] Built >100m ocean mask (1 polygons)
[Hotspots] 108 polygons across 8 bands ->data\2025-02-08\blue_marlin_hotspots.geojson
  -> Hotspots generated

============================================================
[16/18] 2026-02-01
============================================================
[SST] Fetching observation L4 for 2026-02-01...
[SST] Saved to data\2026-02-01\sst_raw.nc
[Currents] Fetching model 0.083deg for 2026-02-01...
[Currents] Saved model 0.083deg to data\2026-02-01\currents_raw.nc
[Chlorophyll] Fetching observation L4 for 2026-02-01...
[Chlorophyll] Observation unavailable (Some of your subset selection [2026-02-01 00:00:00+00:00, 20), falling back to model...
[Chlorophyll] Saved model fallback to data\2026-02-01\chl_raw.nc
[Water Clarity] Fetching KD490 for 2026-02-01...
[Water Clarity] 2026-02-01 not available, trying earlier...
[Water Clarity] Fetching KD490 for 2026-01-31...
[Water Clarity] 2026-01-31 not available, trying earlier...
[Water Clarity] Fetching KD490 for 2026-01-30...
[Water Clarity] 2026-01-30 not available, trying earlier...
[Water Clarity] Fetching KD490 for 2026-01-29...
[Water Clarity] 2026-01-29 not available, trying earlier...
[Water Clarity] Fetching KD490 for 2026-01-28...
[Water Clarity] 2026-01-28 not available, trying earlier...
[Water Clarity] Fetching KD490 for 2026-01-27...
  [KD490] Error: Some of your subset selection [2026-01-27 00:00:00+00:00, 2026-01-27 23:59:59+00:00] for the time dimension exceed the dataset coordinates [2026-02-27 00:00:00+00:00, 2026-03-13 00:00:00+00:00]
[SSH/Eddies] Fetching SLA for 2026-02-01...
[SSH/Eddies] Saved to data\2026-02-01\ssh_raw.nc (data date: 2026-02-01)
[MLD] Fetching for 2026-02-01...
[MLD] Saved to data\2026-02-01\mld_raw.nc
[Oxygen] Fetching for 2026-02-01...
[Oxygen] Saved to data\2026-02-01\oxygen_raw.nc
[Hotspots] Building blue marlin habitat suitability...
[Hotspots] Shelf break: 37% of cells >50% (applied as x1.0-1.5 multiplier)
[Hotspots] SSH scoring: 6% >50%, mean abs SLA=0.002m
[Hotspots] Current scoring: 66% favorable, upstream SST mean 22.5C
[Hotspots] Convergence scoring: 53% of cells have bait-concentrating flow
[Hotspots] Score range: 0.000 - 0.996 (mean 0.535)
[Depth mask] Built >100m ocean mask (1 polygons)
[Hotspots] 88 polygons across 8 bands ->data\2026-02-01\blue_marlin_hotspots.geojson
  -> Hotspots generated

============================================================
[17/18] 2026-02-14
============================================================
[SST] Fetching observation L4 for 2026-02-14...
[SST] Saved to data\2026-02-14\sst_raw.nc
[Currents] Fetching model 0.083deg for 2026-02-14...
[Currents] Saved model 0.083deg to data\2026-02-14\currents_raw.nc
[Chlorophyll] Fetching observation L4 for 2026-02-14...
[Chlorophyll] Observation unavailable (Some of your subset selection [2026-02-14 00:00:00+00:00, 20), falling back to model...
[Chlorophyll] Saved model fallback to data\2026-02-14\chl_raw.nc
[Water Clarity] Fetching KD490 for 2026-02-14...
[Water Clarity] 2026-02-14 not available, trying earlier...
[Water Clarity] Fetching KD490 for 2026-02-13...
[Water Clarity] 2026-02-13 not available, trying earlier...
[Water Clarity] Fetching KD490 for 2026-02-12...
[Water Clarity] 2026-02-12 not available, trying earlier...
[Water Clarity] Fetching KD490 for 2026-02-11...
[Water Clarity] 2026-02-11 not available, trying earlier...
[Water Clarity] Fetching KD490 for 2026-02-10...
[Water Clarity] 2026-02-10 not available, trying earlier...
[Water Clarity] Fetching KD490 for 2026-02-09...
  [KD490] Error: Some of your subset selection [2026-02-09 00:00:00+00:00, 2026-02-09 23:59:59+00:00] for the time dimension exceed the dataset coordinates [2026-02-27 00:00:00+00:00, 2026-03-13 00:00:00+00:00]
[SSH/Eddies] Fetching SLA for 2026-02-14...
[SSH/Eddies] Saved to data\2026-02-14\ssh_raw.nc (data date: 2026-02-14)
[MLD] Fetching for 2026-02-14...
[MLD] Saved to data\2026-02-14\mld_raw.nc
[Oxygen] Fetching for 2026-02-14...
[Oxygen] Saved to data\2026-02-14\oxygen_raw.nc
[Hotspots] Building blue marlin habitat suitability...
[Hotspots] Shelf break: 37% of cells >50% (applied as x1.0-1.5 multiplier)
[Hotspots] SSH scoring: 5% >50%, mean abs SLA=0.039m
[Hotspots] Current scoring: 61% favorable, upstream SST mean 22.0C
[Hotspots] Convergence scoring: 43% of cells have bait-concentrating flow
[Hotspots] Score range: 0.000 - 0.986 (mean 0.499)
[Depth mask] Built >100m ocean mask (1 polygons)
[Hotspots] 99 polygons across 8 bands ->data\2026-02-14\blue_marlin_hotspots.geojson
  -> Hotspots generated

============================================================
[18/18] 2026-02-15
============================================================
[SST] Fetching observation L4 for 2026-02-15...
[SST] Saved to data\2026-02-15\sst_raw.nc
[Currents] Fetching model 0.083deg for 2026-02-15...
[Currents] Saved model 0.083deg to data\2026-02-15\currents_raw.nc
[Chlorophyll] Fetching observation L4 for 2026-02-15...
[Chlorophyll] Observation unavailable (Some of your subset selection [2026-02-15 00:00:00+00:00, 20), falling back to model...
[Chlorophyll] Saved model fallback to data\2026-02-15\chl_raw.nc
[Water Clarity] Fetching KD490 for 2026-02-15...
[Water Clarity] 2026-02-15 not available, trying earlier...
[Water Clarity] Fetching KD490 for 2026-02-14...
[Water Clarity] 2026-02-14 not available, trying earlier...
[Water Clarity] Fetching KD490 for 2026-02-13...
[Water Clarity] 2026-02-13 not available, trying earlier...
[Water Clarity] Fetching KD490 for 2026-02-12...
[Water Clarity] 2026-02-12 not available, trying earlier...
[Water Clarity] Fetching KD490 for 2026-02-11...
[Water Clarity] 2026-02-11 not available, trying earlier...
[Water Clarity] Fetching KD490 for 2026-02-10...
  [KD490] Error: Some of your subset selection [2026-02-10 00:00:00+00:00, 2026-02-10 23:59:59+00:00] for the time dimension exceed the dataset coordinates [2026-02-27 00:00:00+00:00, 2026-03-13 00:00:00+00:00]
[SSH/Eddies] Fetching SLA for 2026-02-15...
[SSH/Eddies] Saved to data\2026-02-15\ssh_raw.nc (data date: 2026-02-15)
[MLD] Fetching for 2026-02-15...
[MLD] Saved to data\2026-02-15\mld_raw.nc
[Oxygen] Fetching for 2026-02-15...
[Oxygen] Saved to data\2026-02-15\oxygen_raw.nc
[Hotspots] Building blue marlin habitat suitability...
[Hotspots] Shelf break: 37% of cells >50% (applied as x1.0-1.5 multiplier)
[Hotspots] SSH scoring: 5% >50%, mean abs SLA=0.048m
[Hotspots] Current scoring: 76% favorable, upstream SST mean 22.0C
[Hotspots] Convergence scoring: 51% of cells have bait-concentrating flow
[Hotspots] Score range: 0.000 - 0.994 (mean 0.491)
[Depth mask] Built >100m ocean mask (1 polygons)
[Hotspots] 115 polygons across 8 bands ->data\2026-02-15\blue_marlin_hotspots.geojson
  -> Hotspots generated

Done!
